10
-54
28
-32
-12
96
239
-1160
10
-54
28
-32
-12
96
239
-1160
362
-417
408
-1033
1293
-270
218
1480
948
1646
1193
-177
-134
-174
91
-1606
1164
215
1000
-1
621
710
1397
1193
958
1231
3424
813
-90
637
-317
-2262
362
-417
408
-1033
1293
-270
218
1480
948
1646
1193
-177
-134
-174
91
-1606
1164
215
1000
-1
621
710
1397
1193
958
1231
3424
813
-90
637
-317
-2262
655
-852
592
-775
586
-404
747
145
385
68
485
-38
-815
-864
1234
94
-46
-255
-29
-182
775
-232
-324
215
-277
168
-322
323
-109
585
58
-873
-1805
493
-137
46
-297
410
219
92
-845
-139
-191
-877
-995
836
90
-172
-1874
655
-852
592
-775
586
-404
747
145
385
68
485
-38
-815
-864
1234
94
-46
-255
-29
-182
775
-232
-324
215
-277
168
-322
323
-109
585
58
-873
-1805
493
-137
46
-297
410
219
92
-845
-139
-191
-877
-995
836
90
-172
-1874
619
-1250
1605
-1600
-798
82
30
412
-519
-444
607
-101
190
-25
163
93
1514
1253
128
-293
87
-212
-718
-1582
-772
771
-310
-609
727
-560
715
-378
-350
223
49
-408
431
49
-251
333
-628
618
-126
-48
62
183
-283
142
311
-253
378
1
174
181
-663
-2484
250
-793
295
88
1841
139
136
140
158
-996
737
-456
753
-350
-508
756
-987
404
540
-506
38
776
-648
684
426
-81
-85
220
224
-397
619
-1250
1605
-1600
-798
82
30
412
-519
-444
607
-101
190
-25
163
93
1514
1253
128
-293
87
-212
-718
-1582
-772
771
-310
-609
727
-560
715
-378
-350
223
49
-408
431
49
-251
333
-628
618
-126
-48
62
183
-283
142
311
-253
378
1
174
181
-663
-2484
250
-793
295
88
1841
139
136
140
158
-996
737
-456
753
-350
-508
756
-987
404
540
-506
38
776
-648
684
426
-81
-85
220
224
-397
1045
-2034
1828
-1568
232
-355
279
208
-245
-542
144
373
-196
266
-156
306
468
-716
712
-555
-832
-1665
656
-276
-374
736
-358
612
135
148
129
-452
730
-175
582
378
-112
409
-31
-85
541
-279
430
394
-174
409
-25
505
93
166
156
-738
-2529
669
-20
34
-62
293
421
86
100
-497
645
81
139
153
-726
619
86
61
946
147
-495
689
-78
490
578
393
442
-165
341
465
-733
-2549
1045
-2034
1828
-1568
232
-355
279
208
-245
-542
144
373
-196
266
-156
306
468
-716
712
-555
-832
-1665
656
-276
-374
736
-358
612
135
148
129
-452
730
-175
582
378
-112
409
-31
-85
541
-279
430
394
-174
409
-25
505
93
166
156
-738
-2529
669
-20
34
-62
293
421
86
100
-497
645
81
139
153
-726
619
86
61
946
147
-495
689
-78
490
578
393
442
-165
341
465
-733
-2549
-10
-56
39
-56
15
14
25
-150
-10
-56
39
-56
15
14
25
-150
319
-415
401
-944
1530
-1601
-395
1577
1119
812
360
1043
-551
-191
750
-661
-930
1620
439
-187
1294
184
1296
475
590
162
1732
443
1254
1007
-182
1080
-1028
328
-1748
319
-415
401
-944
1530
-1601
-395
1577
1119
812
360
1043
-551
-191
750
-661
-930
1620
439
-187
1294
184
1296
475
590
162
1732
443
1254
1007
-182
1080
-1028
328
-1748
664
-871
613
-1303
2144
-63
-28
716
500
156
144
203
-846
-785
691
197
363
-148
-465
360
141
-38
-217
-61
138
-218
-35
-211
722
402
-304
180
-1499
-294
-421
-529
108
156
263
61
-418
-668
229
-505
-730
-607
678
-69
-457
664
-871
613
-1303
2144
-63
-28
716
500
156
144
203
-846
-785
691
197
363
-148
-465
360
141
-38
-217
-61
138
-218
-35
-211
722
402
-304
180
-1499
-294
-421
-529
108
156
263
61
-418
-668
229
-505
-730
-607
678
-69
-457
623
-1327
1591
-1679
-449
460
419
-436
-271
-465
79
212
-369
138
364
40
2672
1442
-684
-259
-451
459
-1637
-1150
-341
570
581
-1015
-119
315
-658
-77
386
-545
93
200
-316
485
-3
-520
547
-72
-10
-581
632
-560
279
146
210
-267
-295
165
177
-199
-1209
-2394
-280
146
-69
641
1291
1085
-213
32
-44
-108
-49
-111
-132
-119
-65
-103
517
-624
599
-542
767
-617
-61
1415
107
-479
510
-604
43
-1723
623
-1327
1591
-1679
-449
460
419
-436
-271
-465
79
212
-369
138
364
40
2672
1442
-684
-259
-451
459
-1637
-1150
-341
570
581
-1015
-119
315
-658
-77
386
-545
93
200
-316
485
-3
-520
547
-72
-10
-581
632
-560
279
146
210
-267
-295
165
177
-199
-1209
-2394
-280
146
-69
641
1291
1085
-213
32
-44
-108
-49
-111
-132
-119
-65
-103
517
-624
599
-542
767
-617
-61
1415
107
-479
510
-604
43
-1723
1041
-2037
1811
-1695
858
-488
-333
165
274
-188
-27
220
320
-238
268
489
241
-499
-39
-47
-1152
-1347
515
-596
698
-510
735
-172
101
701
-137
-156
334
-127
340
489
-30
5
-64
530
305
272
-317
317
507
-21
-20
623
9
-1
234
-880
-2792
228
603
-217
45
157
169
510
-211
-69
7
500
5
-87
-204
375
-140
481
641
-13
-536
633
-177
937
610
21
525
160
12
4
-1128
1041
-2037
1811
-1695
858
-488
-333
165
274
-188
-27
220
320
-238
268
489
241
-499
-39
-47
-1152
-1347
515
-596
698
-510
735
-172
101
701
-137
-156
334
-127
340
489
-30
5
-64
530
305
272
-317
317
507
-21
-20
623
9
-1
234
-880
-2792
228
603
-217
45
157
169
510
-211
-69
7
500
5
-87
-204
375
-140
481
641
-13
-536
633
-177
937
610
21
525
160
12
4
-1128
9
-51
26
-47
40
10
-3
-233
10
-54
28
-32
-12
96
239
-1160
362
-417
408
-1033
1293
-270
218
1480
948
1646
1193
-177
-134
-174
91
-1606
1164
215
1000
-1
621
710
1397
1193
958
1231
3424
813
-90
637
-317
-2262
655
-852
592
-775
586
-404
747
145
385
68
485
-38
-815
-864
1234
94
-46
-255
-29
-182
775
-232
-324
215
-277
168
-322
323
-109
585
58
-873
-1805
493
-137
46
-297
410
219
92
-845
-139
-191
-877
-995
836
90
-172
-1874
619
-1250
1605
-1600
-798
82
30
412
-519
-444
607
-101
190
-25
163
93
1514
1253
128
-293
87
-212
-718
-1582
-772
771
-310
-609
727
-560
715
-378
-350
223
49
-408
431
49
-251
333
-628
618
-126
-48
62
183
-283
142
311
-253
378
1
174
181
-663
-2484
250
-793
295
88
1841
139
136
140
158
-996
737
-456
753
-350
-508
756
-987
404
540
-506
38
776
-648
684
426
-81
-85
220
224
-397
1045
-2034
1828
-1568
232
-355
279
208
-245
-542
144
373
-196
266
-156
306
468
-716
712
-555
-832
-1665
656
-276
-374
736
-358
612
135
148
129
-452
730
-175
582
378
-112
409
-31
-85
541
-279
430
394
-174
409
-25
505
93
166
156
-738
-2529
669
-20
34
-62
293
421
86
100
-497
645
81
139
153
-726
619
86
61
946
147
-495
689
-78
490
578
393
442
-165
341
465
-733
-2549
-10
-56
39
-56
15
14
25
-150
319
-415
401
-944
1530
-1601
-395
1577
1119
812
360
1043
-551
-191
750
-661
-930
1620
439
-187
1294
184
1296
475
590
162
1732
443
1254
1007
-182
1080
-1028
328
-1748
664
-871
613
-1303
2144
-63
-28
716
500
156
144
203
-846
-785
691
197
363
-148
-465
360
141
-38
-217
-61
138
-218
-35
-211
722
402
-304
180
-1499
-294
-421
-529
108
156
263
61
-418
-668
229
-505
-730
-607
678
-69
-457
623
-1327
1591
-1679
-449
460
419
-436
-271
-465
79
212
-369
138
364
40
2672
1442
-684
-259
-451
459
-1637
-1150
-341
570
581
-1015
-119
315
-658
-77
386
-545
93
200
-316
485
-3
-520
547
-72
-10
-581
632
-560
279
146
210
-267
-295
165
177
-199
-1209
-2394
-280
146
-69
641
1291
1085
-213
32
-44
-108
-49
-111
-132
-119
-65
-103
517
-624
599
-542
767
-617
-61
1415
107
-479
510
-604
43
-1723
1041
-2037
1811
-1695
858
-488
-333
165
274
-188
-27
220
320
-238
268
489
241
-499
-39
-47
-1152
-1347
515
-596
698
-510
735
-172
101
701
-137
-156
334
-127
340
489
-30
5
-64
530
305
272
-317
317
507
-21
-20
623
9
-1
234
-880
-2792
228
603
-217
45
157
169
510
-211
-69
7
500
5
-87
-204
375
-140
481
641
-13
-536
633
-177
937
610
21
525
160
12
4
-1128
9
-51
26
-47
40
10
-3
-233
354
-417
375
-871
1562
-1500
-798
2207
1220
1388
947
-237
-242
-372
-592
3
163
461
657
27
385
720
1974
1291
1000
145
2966
754
-33
173
89
-1935
10
-54
28
-32
-12
96
239
-1160
362
-417
408
-1033
1293
-270
218
1480
948
1646
1193
-177
-134
-174
91
-1606
1164
215
1000
-1
621
710
1397
1193
958
1231
3424
813
-90
637
-317
-2262
655
-852
592
-775
586
-404
747
145
385
68
485
-38
-815
-864
1234
94
-46
-255
-29
-182
775
-232
-324
215
-277
168
-322
323
-109
585
58
-873
-1805
493
-137
46
-297
410
219
92
-845
-139
-191
-877
-995
836
90
-172
-1874
619
-1250
1605
-1600
-798
82
30
412
-519
-444
607
-101
190
-25
163
93
1514
1253
128
-293
87
-212
-718
-1582
-772
771
-310
-609
727
-560
715
-378
-350
223
49
-408
431
49
-251
333
-628
618
-126
-48
62
183
-283
142
311
-253
378
1
174
181
-663
-2484
250
-793
295
88
1841
139
136
140
158
-996
737
-456
753
-350
-508
756
-987
404
540
-506
38
776
-648
684
426
-81
-85
220
224
-397
1045
-2034
1828
-1568
232
-355
279
208
-245
-542
144
373
-196
266
-156
306
468
-716
712
-555
-832
-1665
656
-276
-374
736
-358
612
135
148
129
-452
730
-175
582
378
-112
409
-31
-85
541
-279
430
394
-174
409
-25
505
93
166
156
-738
-2529
669
-20
34
-62
293
421
86
100
-497
645
81
139
153
-726
619
86
61
946
147
-495
689
-78
490
578
393
442
-165
341
465
-733
-2549
-10
-56
39
-56
15
14
25
-150
319
-415
401
-944
1530
-1601
-395
1577
1119
812
360
1043
-551
-191
750
-661
-930
1620
439
-187
1294
184
1296
475
590
162
1732
443
1254
1007
-182
1080
-1028
328
-1748
664
-871
613
-1303
2144
-63
-28
716
500
156
144
203
-846
-785
691
197
363
-148
-465
360
141
-38
-217
-61
138
-218
-35
-211
722
402
-304
180
-1499
-294
-421
-529
108
156
263
61
-418
-668
229
-505
-730
-607
678
-69
-457
623
-1327
1591
-1679
-449
460
419
-436
-271
-465
79
212
-369
138
364
40
2672
1442
-684
-259
-451
459
-1637
-1150
-341
570
581
-1015
-119
315
-658
-77
386
-545
93
200
-316
485
-3
-520
547
-72
-10
-581
632
-560
279
146
210
-267
-295
165
177
-199
-1209
-2394
-280
146
-69
641
1291
1085
-213
32
-44
-108
-49
-111
-132
-119
-65
-103
517
-624
599
-542
767
-617
-61
1415
107
-479
510
-604
43
-1723
1041
-2037
1811
-1695
858
-488
-333
165
274
-188
-27
220
320
-238
268
489
241
-499
-39
-47
-1152
-1347
515
-596
698
-510
735
-172
101
701
-137
-156
334
-127
340
489
-30
5
-64
530
305
272
-317
317
507
-21
-20
623
9
-1
234
-880
-2792
228
603
-217
45
157
169
510
-211
-69
7
500
5
-87
-204
375
-140
481
641
-13
-536
633
-177
937
610
21
525
160
12
4
-1128
10
-54
28
-32
-12
96
239
-1160
362
-417
408
-1033
1293
-270
218
1480
948
1646
1193
-177
-134
-174
91
-1606
1164
215
1000
-1
621
710
1397
1193
958
1231
3424
813
-90
637
-317
-2262
655
-852
592
-775
586
-404
747
145
385
68
485
-38
-815
-864
1234
94
-46
-255
-29
-182
775
-232
-324
215
-277
168
-322
323
-109
585
58
-873
-1805
493
-137
46
-297
410
219
92
-845
-139
-191
-877
-995
836
90
-172
-1874
619
-1250
1605
-1600
-798
82
30
412
-519
-444
607
-101
190
-25
163
93
1514
1253
128
-293
87
-212
-718
-1582
-772
771
-310
-609
727
-560
715
-378
-350
223
49
-408
431
49
-251
333
-628
618
-126
-48
62
183
-283
142
311
-253
378
1
174
181
-663
-2484
250
-793
295
88
1841
139
136
140
158
-996
737
-456
753
-350
-508
756
-987
404
540
-506
38
776
-648
684
426
-81
-85
220
224
-397
1045
-2034
1828
-1568
232
-355
279
208
-245
-542
144
373
-196
266
-156
306
468
-716
712
-555
-832
-1665
656
-276
-374
736
-358
612
135
148
129
-452
730
-175
582
378
-112
409
-31
-85
541
-279
430
394
-174
409
-25
505
93
166
156
-738
-2529
669
-20
34
-62
293
421
86
100
-497
645
81
139
153
-726
619
86
61
946
147
-495
689
-78
490
578
393
442
-165
341
465
-733
-2549
-10
-56
39
-56
15
14
25
-150
319
-415
401
-944
1530
-1601
-395
1577
1119
812
360
1043
-551
-191
750
-661
-930
1620
439
-187
1294
184
1296
475
590
162
1732
443
1254
1007
-182
1080
-1028
328
-1748
664
-871
613
-1303
2144
-63
-28
716
500
156
144
203
-846
-785
691
197
363
-148
-465
360
141
-38
-217
-61
138
-218
-35
-211
722
402
-304
180
-1499
-294
-421
-529
108
156
263
61
-418
-668
229
-505
-730
-607
678
-69
-457
623
-1327
1591
-1679
-449
460
419
-436
-271
-465
79
212
-369
138
364
40
2672
1442
-684
-259
-451
459
-1637
-1150
-341
570
581
-1015
-119
315
-658
-77
386
-545
93
200
-316
485
-3
-520
547
-72
-10
-581
632
-560
279
146
210
-267
-295
165
177
-199
-1209
-2394
-280
146
-69
641
1291
1085
-213
32
-44
-108
-49
-111
-132
-119
-65
-103
517
-624
599
-542
767
-617
-61
1415
107
-479
510
-604
43
-1723
1041
-2037
1811
-1695
858
-488
-333
165
274
-188
-27
220
320
-238
268
489
241
-499
-39
-47
-1152
-1347
515
-596
698
-510
735
-172
101
701
-137
-156
334
-127
340
489
-30
5
-64
530
305
272
-317
317
507
-21
-20
623
9
-1
234
-880
-2792
228
603
-217
45
157
169
510
-211
-69
7
500
5
-87
-204
375
-140
481
641
-13
-536
633
-177
937
610
21
525
160
12
4
-1128
9
-51
26
-47
40
10
-3
-233
354
-417
375
-871
1562
-1500
-798
2207
1220
1388
947
-237
-242
-372
-592
3
163
461
657
27
385
720
1974
1291
1000
145
2966
754
-33
173
89
-1935
648
-837
573
-1228
2196
371
-436
727
356
443
59
426
-940
-1056
1474
183
71
-576
-56
-147
797
-361
-352
167
-192
97
-367
813
9
260
26
-942
-1106
-226
-465
43
-283
746
441
-88
-849
55
-194
-1107
1245
200
634
31
-1810
10
-54
28
-32
-12
96
239
-1160
362
-417
408
-1033
1293
-270
218
1480
948
1646
1193
-177
-134
-174
91
-1606
1164
215
1000
-1
621
710
1397
1193
958
1231
3424
813
-90
637
-317
-2262
655
-852
592
-775
586
-404
747
145
385
68
485
-38
-815
-864
1234
94
-46
-255
-29
-182
775
-232
-324
215
-277
168
-322
323
-109
585
58
-873
-1805
493
-137
46
-297
410
219
92
-845
-139
-191
-877
-995
836
90
-172
-1874
619
-1250
1605
-1600
-798
82
30
412
-519
-444
607
-101
190
-25
163
93
1514
1253
128
-293
87
-212
-718
-1582
-772
771
-310
-609
727
-560
715
-378
-350
223
49
-408
431
49
-251
333
-628
618
-126
-48
62
183
-283
142
311
-253
378
1
174
181
-663
-2484
250
-793
295
88
1841
139
136
140
158
-996
737
-456
753
-350
-508
756
-987
404
540
-506
38
776
-648
684
426
-81
-85
220
224
-397
1045
-2034
1828
-1568
232
-355
279
208
-245
-542
144
373
-196
266
-156
306
468
-716
712
-555
-832
-1665
656
-276
-374
736
-358
612
135
148
129
-452
730
-175
582
378
-112
409
-31
-85
541
-279
430
394
-174
409
-25
505
93
166
156
-738
-2529
669
-20
34
-62
293
421
86
100
-497
645
81
139
153
-726
619
86
61
946
147
-495
689
-78
490
578
393
442
-165
341
465
-733
-2549
-10
-56
39
-56
15
14
25
-150
319
-415
401
-944
1530
-1601
-395
1577
1119
812
360
1043
-551
-191
750
-661
-930
1620
439
-187
1294
184
1296
475
590
162
1732
443
1254
1007
-182
1080
-1028
328
-1748
664
-871
613
-1303
2144
-63
-28
716
500
156
144
203
-846
-785
691
197
363
-148
-465
360
141
-38
-217
-61
138
-218
-35
-211
722
402
-304
180
-1499
-294
-421
-529
108
156
263
61
-418
-668
229
-505
-730
-607
678
-69
-457
623
-1327
1591
-1679
-449
460
419
-436
-271
-465
79
212
-369
138
364
40
2672
1442
-684
-259
-451
459
-1637
-1150
-341
570
581
-1015
-119
315
-658
-77
386
-545
93
200
-316
485
-3
-520
547
-72
-10
-581
632
-560
279
146
210
-267
-295
165
177
-199
-1209
-2394
-280
146
-69
641
1291
1085
-213
32
-44
-108
-49
-111
-132
-119
-65
-103
517
-624
599
-542
767
-617
-61
1415
107
-479
510
-604
43
-1723
1041
-2037
1811
-1695
858
-488
-333
165
274
-188
-27
220
320
-238
268
489
241
-499
-39
-47
-1152
-1347
515
-596
698
-510
735
-172
101
701
-137
-156
334
-127
340
489
-30
5
-64
530
305
272
-317
317
507
-21
-20
623
9
-1
234
-880
-2792
228
603
-217
45
157
169
510
-211
-69
7
500
5
-87
-204
375
-140
481
641
-13
-536
633
-177
937
610
21
525
160
12
4
-1128
10
-54
28
-32
-12
96
239
-1160
362
-417
408
-1033
1293
-270
218
1480
948
1646
1193
-177
-134
-174
91
-1606
1164
215
1000
-1
621
710
1397
1193
958
1231
3424
813
-90
637
-317
-2262
655
-852
592
-775
586
-404
747
145
385
68
485
-38
-815
-864
1234
94
-46
-255
-29
-182
775
-232
-324
215
-277
168
-322
323
-109
585
58
-873
-1805
493
-137
46
-297
410
219
92
-845
-139
-191
-877
-995
836
90
-172
-1874
619
-1250
1605
-1600
-798
82
30
412
-519
-444
607
-101
190
-25
163
93
1514
1253
128
-293
87
-212
-718
-1582
-772
771
-310
-609
727
-560
715
-378
-350
223
49
-408
431
49
-251
333
-628
618
-126
-48
62
183
-283
142
311
-253
378
1
174
181
-663
-2484
250
-793
295
88
1841
139
136
140
158
-996
737
-456
753
-350
-508
756
-987
404
540
-506
38
776
-648
684
426
-81
-85
220
224
-397
1045
-2034
1828
-1568
232
-355
279
208
-245
-542
144
373
-196
266
-156
306
468
-716
712
-555
-832
-1665
656
-276
-374
736
-358
612
135
148
129
-452
730
-175
582
378
-112
409
-31
-85
541
-279
430
394
-174
409
-25
505
93
166
156
-738
-2529
669
-20
34
-62
293
421
86
100
-497
645
81
139
153
-726
619
86
61
946
147
-495
689
-78
490
578
393
442
-165
341
465
-733
-2549
-10
-56
39
-56
15
14
25
-150
319
-415
401
-944
1530
-1601
-395
1577
1119
812
360
1043
-551
-191
750
-661
-930
1620
439
-187
1294
184
1296
475
590
162
1732
443
1254
1007
-182
1080
-1028
328
-1748
664
-871
613
-1303
2144
-63
-28
716
500
156
144
203
-846
-785
691
197
363
-148
-465
360
141
-38
-217
-61
138
-218
-35
-211
722
402
-304
180
-1499
-294
-421
-529
108
156
263
61
-418
-668
229
-505
-730
-607
678
-69
-457
623
-1327
1591
-1679
-449
460
419
-436
-271
-465
79
212
-369
138
364
40
2672
1442
-684
-259
-451
459
-1637
-1150
-341
570
581
-1015
-119
315
-658
-77
386
-545
93
200
-316
485
-3
-520
547
-72
-10
-581
632
-560
279
146
210
-267
-295
165
177
-199
-1209
-2394
-280
146
-69
641
1291
1085
-213
32
-44
-108
-49
-111
-132
-119
-65
-103
517
-624
599
-542
767
-617
-61
1415
107
-479
510
-604
43
-1723
1041
-2037
1811
-1695
858
-488
-333
165
274
-188
-27
220
320
-238
268
489
241
-499
-39
-47
-1152
-1347
515
-596
698
-510
735
-172
101
701
-137
-156
334
-127
340
489
-30
5
-64
530
305
272
-317
317
507
-21
-20
623
9
-1
234
-880
-2792
228
603
-217
45
157
169
510
-211
-69
7
500
5
-87
-204
375
-140
481
641
-13
-536
633
-177
937
610
21
525
160
12
4
-1128
9
-51
26
-47
40
10
-3
-233
10
-54
28
-32
-12
96
239
-1160
362
-417
408
-1033
1293
-270
218
1480
948
1646
1193
-177
-134
-174
91
-1606
1164
215
1000
-1
621
710
1397
1193
958
1231
3424
813
-90
637
-317
-2262
655
-852
592
-775
586
-404
747
145
385
68
485
-38
-815
-864
1234
94
-46
-255
-29
-182
775
-232
-324
215
-277
168
-322
323
-109
585
58
-873
-1805
493
-137
46
-297
410
219
92
-845
-139
-191
-877
-995
836
90
-172
-1874
619
-1250
1605
-1600
-798
82
30
412
-519
-444
607
-101
190
-25
163
93
1514
1253
128
-293
87
-212
-718
-1582
-772
771
-310
-609
727
-560
715
-378
-350
223
49
-408
431
49
-251
333
-628
618
-126
-48
62
183
-283
142
311
-253
378
1
174
181
-663
-2484
250
-793
295
88
1841
139
136
140
158
-996
737
-456
753
-350
-508
756
-987
404
540
-506
38
776
-648
684
426
-81
-85
220
224
-397
1045
-2034
1828
-1568
232
-355
279
208
-245
-542
144
373
-196
266
-156
306
468
-716
712
-555
-832
-1665
656
-276
-374
736
-358
612
135
148
129
-452
730
-175
582
378
-112
409
-31
-85
541
-279
430
394
-174
409
-25
505
93
166
156
-738
-2529
669
-20
34
-62
293
421
86
100
-497
645
81
139
153
-726
619
86
61
946
147
-495
689
-78
490
578
393
442
-165
341
465
-733
-2549
-10
-56
39
-56
15
14
25
-150
319
-415
401
-944
1530
-1601
-395
1577
1119
812
360
1043
-551
-191
750
-661
-930
1620
439
-187
1294
184
1296
475
590
162
1732
443
1254
1007
-182
1080
-1028
328
-1748
664
-871
613
-1303
2144
-63
-28
716
500
156
144
203
-846
-785
691
197
363
-148
-465
360
141
-38
-217
-61
138
-218
-35
-211
722
402
-304
180
-1499
-294
-421
-529
108
156
263
61
-418
-668
229
-505
-730
-607
678
-69
-457
623
-1327
1591
-1679
-449
460
419
-436
-271
-465
79
212
-369
138
364
40
2672
1442
-684
-259
-451
459
-1637
-1150
-341
570
581
-1015
-119
315
-658
-77
386
-545
93
200
-316
485
-3
-520
547
-72
-10
-581
632
-560
279
146
210
-267
-295
165
177
-199
-1209
-2394
-280
146
-69
641
1291
1085
-213
32
-44
-108
-49
-111
-132
-119
-65
-103
517
-624
599
-542
767
-617
-61
1415
107
-479
510
-604
43
-1723
1041
-2037
1811
-1695
858
-488
-333
165
274
-188
-27
220
320
-238
268
489
241
-499
-39
-47
-1152
-1347
515
-596
698
-510
735
-172
101
701
-137
-156
334
-127
340
489
-30
5
-64
530
305
272
-317
317
507
-21
-20
623
9
-1
234
-880
-2792
228
603
-217
45
157
169
510
-211
-69
7
500
5
-87
-204
375
-140
481
641
-13
-536
633
-177
937
610
21
525
160
12
4
-1128
10
-54
28
-32
-12
96
239
-1160
362
-417
408
-1033
1293
-270
218
1480
948
1646
1193
-177
-134
-174
91
-1606
1164
215
1000
-1
621
710
1397
1193
958
1231
3424
813
-90
637
-317
-2262
655
-852
592
-775
586
-404
747
145
385
68
485
-38
-815
-864
1234
94
-46
-255
-29
-182
775
-232
-324
215
-277
168
-322
323
-109
585
58
-873
-1805
493
-137
46
-297
410
219
92
-845
-139
-191
-877
-995
836
90
-172
-1874
619
-1250
1605
-1600
-798
82
30
412
-519
-444
607
-101
190
-25
163
93
1514
1253
128
-293
87
-212
-718
-1582
-772
771
-310
-609
727
-560
715
-378
-350
223
49
-408
431
49
-251
333
-628
618
-126
-48
62
183
-283
142
311
-253
378
1
174
181
-663
-2484
250
-793
295
88
1841
139
136
140
158
-996
737
-456
753
-350
-508
756
-987
404
540
-506
38
776
-648
684
426
-81
-85
220
224
-397
1045
-2034
1828
-1568
232
-355
279
208
-245
-542
144
373
-196
266
-156
306
468
-716
712
-555
-832
-1665
656
-276
-374
736
-358
612
135
148
129
-452
730
-175
582
378
-112
409
-31
-85
541
-279
430
394
-174
409
-25
505
93
166
156
-738
-2529
669
-20
34
-62
293
421
86
100
-497
645
81
139
153
-726
619
86
61
946
147
-495
689
-78
490
578
393
442
-165
341
465
-733
-2549
-10
-56
39
-56
15
14
25
-150
319
-415
401
-944
1530
-1601
-395
1577
1119
812
360
1043
-551
-191
750
-661
-930
1620
439
-187
1294
184
1296
475
590
162
1732
443
1254
1007
-182
1080
-1028
328
-1748
664
-871
613
-1303
2144
-63
-28
716
500
156
144
203
-846
-785
691
197
363
-148
-465
360
141
-38
-217
-61
138
-218
-35
-211
722
402
-304
180
-1499
-294
-421
-529
108
156
263
61
-418
-668
229
-505
-730
-607
678
-69
-457
623
-1327
1591
-1679
-449
460
419
-436
-271
-465
79
212
-369
138
364
40
2672
1442
-684
-259
-451
459
-1637
-1150
-341
570
581
-1015
-119
315
-658
-77
386
-545
93
200
-316
485
-3
-520
547
-72
-10
-581
632
-560
279
146
210
-267
-295
165
177
-199
-1209
-2394
-280
146
-69
641
1291
1085
-213
32
-44
-108
-49
-111
-132
-119
-65
-103
517
-624
599
-542
767
-617
-61
1415
107
-479
510
-604
43
-1723
1041
-2037
1811
-1695
858
-488
-333
165
274
-188
-27
220
320
-238
268
489
241
-499
-39
-47
-1152
-1347
515
-596
698
-510
735
-172
101
701
-137
-156
334
-127
340
489
-30
5
-64
530
305
272
-317
317
507
-21
-20
623
9
-1
234
-880
-2792
228
603
-217
45
157
169
510
-211
-69
7
500
5
-87
-204
375
-140
481
641
-13
-536
633
-177
937
610
21
525
160
12
4
-1128
9
-51
26
-47
40
10
-3
-233
354
-417
375
-871
1562
-1500
-798
2207
1220
1388
947
-237
-242
-372
-592
3
163
461
657
27
385
720
1974
1291
1000
145
2966
754
-33
173
89
-1935
648
-837
573
-1228
2196
371
-436
727
356
443
59
426
-940
-1056
1474
183
71
-576
-56
-147
797
-361
-352
167
-192
97
-367
813
9
260
26
-942
-1106
-226
-465
43
-283
746
441
-88
-849
55
-194
-1107
1245
200
634
31
-1810
-5525
-6426
-4649
-2134
991
-128
51
-398
108
210
-163
-186
-115
577
1934
1209
-756
1494
-1376
-2757
-3173
-2962
-1346
-1356
3913
322
-522
261
252
122
-515
109
334
-521
698
-559
755
150
-445
-5
99
274
-513
-76
761
67
-547
57
-75
-355
-2087
756
-1100
1379
1622
-370
-624
-142
-88
-533
657
-426
126
-613
1753
184
-554
100
-643
2067
-853
1220
-655
559
-107
-19
-624
-2496
10
-54
28
-32
-12
96
239
-1160
362
-417
408
-1033
1293
-270
218
1480
948
1646
1193
-177
-134
-174
91
-1606
1164
215
1000
-1
621
710
1397
1193
958
1231
3424
813
-90
637
-317
-2262
655
-852
592
-775
586
-404
747
145
385
68
485
-38
-815
-864
1234
94
-46
-255
-29
-182
775
-232
-324
215
-277
168
-322
323
-109
585
58
-873
-1805
493
-137
46
-297
410
219
92
-845
-139
-191
-877
-995
836
90
-172
-1874
619
-1250
1605
-1600
-798
82
30
412
-519
-444
607
-101
190
-25
163
93
1514
1253
128
-293
87
-212
-718
-1582
-772
771
-310
-609
727
-560
715
-378
-350
223
49
-408
431
49
-251
333
-628
618
-126
-48
62
183
-283
142
311
-253
378
1
174
181
-663
-2484
250
-793
295
88
1841
139
136
140
158
-996
737
-456
753
-350
-508
756
-987
404
540
-506
38
776
-648
684
426
-81
-85
220
224
-397
1045
-2034
1828
-1568
232
-355
279
208
-245
-542
144
373
-196
266
-156
306
468
-716
712
-555
-832
-1665
656
-276
-374
736
-358
612
135
148
129
-452
730
-175
582
378
-112
409
-31
-85
541
-279
430
394
-174
409
-25
505
93
166
156
-738
-2529
669
-20
34
-62
293
421
86
100
-497
645
81
139
153
-726
619
86
61
946
147
-495
689
-78
490
578
393
442
-165
341
465
-733
-2549
-10
-56
39
-56
15
14
25
-150
319
-415
401
-944
1530
-1601
-395
1577
1119
812
360
1043
-551
-191
750
-661
-930
1620
439
-187
1294
184
1296
475
590
162
1732
443
1254
1007
-182
1080
-1028
328
-1748
664
-871
613
-1303
2144
-63
-28
716
500
156
144
203
-846
-785
691
197
363
-148
-465
360
141
-38
-217
-61
138
-218
-35
-211
722
402
-304
180
-1499
-294
-421
-529
108
156
263
61
-418
-668
229
-505
-730
-607
678
-69
-457
623
-1327
1591
-1679
-449
460
419
-436
-271
-465
79
212
-369
138
364
40
2672
1442
-684
-259
-451
459
-1637
-1150
-341
570
581
-1015
-119
315
-658
-77
386
-545
93
200
-316
485
-3
-520
547
-72
-10
-581
632
-560
279
146
210
-267
-295
165
177
-199
-1209
-2394
-280
146
-69
641
1291
1085
-213
32
-44
-108
-49
-111
-132
-119
-65
-103
517
-624
599
-542
767
-617
-61
1415
107
-479
510
-604
43
-1723
1041
-2037
1811
-1695
858
-488
-333
165
274
-188
-27
220
320
-238
268
489
241
-499
-39
-47
-1152
-1347
515
-596
698
-510
735
-172
101
701
-137
-156
334
-127
340
489
-30
5
-64
530
305
272
-317
317
507
-21
-20
623
9
-1
234
-880
-2792
228
603
-217
45
157
169
510
-211
-69
7
500
5
-87
-204
375
-140
481
641
-13
-536
633
-177
937
610
21
525
160
12
4
-1128
10
-54
28
-32
-12
96
239
-1160
362
-417
408
-1033
1293
-270
218
1480
948
1646
1193
-177
-134
-174
91
-1606
1164
215
1000
-1
621
710
1397
1193
958
1231
3424
813
-90
637
-317
-2262
655
-852
592
-775
586
-404
747
145
385
68
485
-38
-815
-864
1234
94
-46
-255
-29
-182
775
-232
-324
215
-277
168
-322
323
-109
585
58
-873
-1805
493
-137
46
-297
410
219
92
-845
-139
-191
-877
-995
836
90
-172
-1874
619
-1250
1605
-1600
-798
82
30
412
-519
-444
607
-101
190
-25
163
93
1514
1253
128
-293
87
-212
-718
-1582
-772
771
-310
-609
727
-560
715
-378
-350
223
49
-408
431
49
-251
333
-628
618
-126
-48
62
183
-283
142
311
-253
378
1
174
181
-663
-2484
250
-793
295
88
1841
139
136
140
158
-996
737
-456
753
-350
-508
756
-987
404
540
-506
38
776
-648
684
426
-81
-85
220
224
-397
1045
-2034
1828
-1568
232
-355
279
208
-245
-542
144
373
-196
266
-156
306
468
-716
712
-555
-832
-1665
656
-276
-374
736
-358
612
135
148
129
-452
730
-175
582
378
-112
409
-31
-85
541
-279
430
394
-174
409
-25
505
93
166
156
-738
-2529
669
-20
34
-62
293
421
86
100
-497
645
81
139
153
-726
619
86
61
946
147
-495
689
-78
490
578
393
442
-165
341
465
-733
-2549
-10
-56
39
-56
15
14
25
-150
319
-415
401
-944
1530
-1601
-395
1577
1119
812
360
1043
-551
-191
750
-661
-930
1620
439
-187
1294
184
1296
475
590
162
1732
443
1254
1007
-182
1080
-1028
328
-1748
664
-871
613
-1303
2144
-63
-28
716
500
156
144
203
-846
-785
691
197
363
-148
-465
360
141
-38
-217
-61
138
-218
-35
-211
722
402
-304
180
-1499
-294
-421
-529
108
156
263
61
-418
-668
229
-505
-730
-607
678
-69
-457
623
-1327
1591
-1679
-449
460
419
-436
-271
-465
79
212
-369
138
364
40
2672
1442
-684
-259
-451
459
-1637
-1150
-341
570
581
-1015
-119
315
-658
-77
386
-545
93
200
-316
485
-3
-520
547
-72
-10
-581
632
-560
279
146
210
-267
-295
165
177
-199
-1209
-2394
-280
146
-69
641
1291
1085
-213
32
-44
-108
-49
-111
-132
-119
-65
-103
517
-624
599
-542
767
-617
-61
1415
107
-479
510
-604
43
-1723
1041
-2037
1811
-1695
858
-488
-333
165
274
-188
-27
220
320
-238
268
489
241
-499
-39
-47
-1152
-1347
515
-596
698
-510
735
-172
101
701
-137
-156
334
-127
340
489
-30
5
-64
530
305
272
-317
317
507
-21
-20
623
9
-1
234
-880
-2792
228
603
-217
45
157
169
510
-211
-69
7
500
5
-87
-204
375
-140
481
641
-13
-536
633
-177
937
610
21
525
160
12
4
-1128
9
-51
26
-47
40
10
-3
-233
10
-54
28
-32
-12
96
239
-1160
362
-417
408
-1033
1293
-270
218
1480
948
1646
1193
-177
-134
-174
91
-1606
1164
215
1000
-1
621
710
1397
1193
958
1231
3424
813
-90
637
-317
-2262
655
-852
592
-775
586
-404
747
145
385
68
485
-38
-815
-864
1234
94
-46
-255
-29
-182
775
-232
-324
215
-277
168
-322
323
-109
585
58
-873
-1805
493
-137
46
-297
410
219
92
-845
-139
-191
-877
-995
836
90
-172
-1874
619
-1250
1605
-1600
-798
82
30
412
-519
-444
607
-101
190
-25
163
93
1514
1253
128
-293
87
-212
-718
-1582
-772
771
-310
-609
727
-560
715
-378
-350
223
49
-408
431
49
-251
333
-628
618
-126
-48
62
183
-283
142
311
-253
378
1
174
181
-663
-2484
250
-793
295
88
1841
139
136
140
158
-996
737
-456
753
-350
-508
756
-987
404
540
-506
38
776
-648
684
426
-81
-85
220
224
-397
1045
-2034
1828
-1568
232
-355
279
208
-245
-542
144
373
-196
266
-156
306
468
-716
712
-555
-832
-1665
656
-276
-374
736
-358
612
135
148
129
-452
730
-175
582
378
-112
409
-31
-85
541
-279
430
394
-174
409
-25
505
93
166
156
-738
-2529
669
-20
34
-62
293
421
86
100
-497
645
81
139
153
-726
619
86
61
946
147
-495
689
-78
490
578
393
442
-165
341
465
-733
-2549
-10
-56
39
-56
15
14
25
-150
319
-415
401
-944
1530
-1601
-395
1577
1119
812
360
1043
-551
-191
750
-661
-930
1620
439
-187
1294
184
1296
475
590
162
1732
443
1254
1007
-182
1080
-1028
328
-1748
664
-871
613
-1303
2144
-63
-28
716
500
156
144
203
-846
-785
691
197
363
-148
-465
360
141
-38
-217
-61
138
-218
-35
-211
722
402
-304
180
-1499
-294
-421
-529
108
156
263
61
-418
-668
229
-505
-730
-607
678
-69
-457
623
-1327
1591
-1679
-449
460
419
-436
-271
-465
79
212
-369
138
364
40
2672
1442
-684
-259
-451
459
-1637
-1150
-341
570
581
-1015
-119
315
-658
-77
386
-545
93
200
-316
485
-3
-520
547
-72
-10
-581
632
-560
279
146
210
-267
-295
165
177
-199
-1209
-2394
-280
146
-69
641
1291
1085
-213
32
-44
-108
-49
-111
-132
-119
-65
-103
517
-624
599
-542
767
-617
-61
1415
107
-479
510
-604
43
-1723
1041
-2037
1811
-1695
858
-488
-333
165
274
-188
-27
220
320
-238
268
489
241
-499
-39
-47
-1152
-1347
515
-596
698
-510
735
-172
101
701
-137
-156
334
-127
340
489
-30
5
-64
530
305
272
-317
317
507
-21
-20
623
9
-1
234
-880
-2792
228
603
-217
45
157
169
510
-211
-69
7
500
5
-87
-204
375
-140
481
641
-13
-536
633
-177
937
610
21
525
160
12
4
-1128
10
-54
28
-32
-12
96
239
-1160
362
-417
408
-1033
1293
-270
218
1480
948
1646
1193
-177
-134
-174
91
-1606
1164
215
1000
-1
621
710
1397
1193
958
1231
3424
813
-90
637
-317
-2262
655
-852
592
-775
586
-404
747
145
385
68
485
-38
-815
-864
1234
94
-46
-255
-29
-182
775
-232
-324
215
-277
168
-322
323
-109
585
58
-873
-1805
493
-137
46
-297
410
219
92
-845
-139
-191
-877
-995
836
90
-172
-1874
619
-1250
1605
-1600
-798
82
30
412
-519
-444
607
-101
190
-25
163
93
1514
1253
128
-293
87
-212
-718
-1582
-772
771
-310
-609
727
-560
715
-378
-350
223
49
-408
431
49
-251
333
-628
618
-126
-48
62
183
-283
142
311
-253
378
1
174
181
-663
-2484
250
-793
295
88
1841
139
136
140
158
-996
737
-456
753
-350
-508
756
-987
404
540
-506
38
776
-648
684
426
-81
-85
220
224
-397
1045
-2034
1828
-1568
232
-355
279
208
-245
-542
144
373
-196
266
-156
306
468
-716
712
-555
-832
-1665
656
-276
-374
736
-358
612
135
148
129
-452
730
-175
582
378
-112
409
-31
-85
541
-279
430
394
-174
409
-25
505
93
166
156
-738
-2529
669
-20
34
-62
293
421
86
100
-497
645
81
139
153
-726
619
86
61
946
147
-495
689
-78
490
578
393
442
-165
341
465
-733
-2549
-10
-56
39
-56
15
14
25
-150
319
-415
401
-944
1530
-1601
-395
1577
1119
812
360
1043
-551
-191
750
-661
-930
1620
439
-187
1294
184
1296
475
590
162
1732
443
1254
1007
-182
1080
-1028
328
-1748
664
-871
613
-1303
2144
-63
-28
716
500
156
144
203
-846
-785
691
197
363
-148
-465
360
141
-38
-217
-61
138
-218
-35
-211
722
402
-304
180
-1499
-294
-421
-529
108
156
263
61
-418
-668
229
-505
-730
-607
678
-69
-457
623
-1327
1591
-1679
-449
460
419
-436
-271
-465
79
212
-369
138
364
40
2672
1442
-684
-259
-451
459
-1637
-1150
-341
570
581
-1015
-119
315
-658
-77
386
-545
93
200
-316
485
-3
-520
547
-72
-10
-581
632
-560
279
146
210
-267
-295
165
177
-199
-1209
-2394
-280
146
-69
641
1291
1085
-213
32
-44
-108
-49
-111
-132
-119
-65
-103
517
-624
599
-542
767
-617
-61
1415
107
-479
510
-604
43
-1723
1041
-2037
1811
-1695
858
-488
-333
165
274
-188
-27
220
320
-238
268
489
241
-499
-39
-47
-1152
-1347
515
-596
698
-510
735
-172
101
701
-137
-156
334
-127
340
489
-30
5
-64
530
305
272
-317
317
507
-21
-20
623
9
-1
234
-880
-2792
228
603
-217
45
157
169
510
-211
-69
7
500
5
-87
-204
375
-140
481
641
-13
-536
633
-177
937
610
21
525
160
12
4
-1128
9
-51
26
-47
40
10
-3
-233
354
-417
375
-871
1562
-1500
-798
2207
1220
1388
947
-237
-242
-372
-592
3
163
461
657
27
385
720
1974
1291
1000
145
2966
754
-33
173
89
-1935
10
-54
28
-32
-12
96
239
-1160
362
-417
408
-1033
1293
-270
218
1480
948
1646
1193
-177
-134
-174
91
-1606
1164
215
1000
-1
621
710
1397
1193
958
1231
3424
813
-90
637
-317
-2262
655
-852
592
-775
586
-404
747
145
385
68
485
-38
-815
-864
1234
94
-46
-255
-29
-182
775
-232
-324
215
-277
168
-322
323
-109
585
58
-873
-1805
493
-137
46
-297
410
219
92
-845
-139
-191
-877
-995
836
90
-172
-1874
619
-1250
1605
-1600
-798
82
30
412
-519
-444
607
-101
190
-25
163
93
1514
1253
128
-293
87
-212
-718
-1582
-772
771
-310
-609
727
-560
715
-378
-350
223
49
-408
431
49
-251
333
-628
618
-126
-48
62
183
-283
142
311
-253
378
1
174
181
-663
-2484
250
-793
295
88
1841
139
136
140
158
-996
737
-456
753
-350
-508
756
-987
404
540
-506
38
776
-648
684
426
-81
-85
220
224
-397
1045
-2034
1828
-1568
232
-355
279
208
-245
-542
144
373
-196
266
-156
306
468
-716
712
-555
-832
-1665
656
-276
-374
736
-358
612
135
148
129
-452
730
-175
582
378
-112
409
-31
-85
541
-279
430
394
-174
409
-25
505
93
166
156
-738
-2529
669
-20
34
-62
293
421
86
100
-497
645
81
139
153
-726
619
86
61
946
147
-495
689
-78
490
578
393
442
-165
341
465
-733
-2549
-10
-56
39
-56
15
14
25
-150
319
-415
401
-944
1530
-1601
-395
1577
1119
812
360
1043
-551
-191
750
-661
-930
1620
439
-187
1294
184
1296
475
590
162
1732
443
1254
1007
-182
1080
-1028
328
-1748
664
-871
613
-1303
2144
-63
-28
716
500
156
144
203
-846
-785
691
197
363
-148
-465
360
141
-38
-217
-61
138
-218
-35
-211
722
402
-304
180
-1499
-294
-421
-529
108
156
263
61
-418
-668
229
-505
-730
-607
678
-69
-457
623
-1327
1591
-1679
-449
460
419
-436
-271
-465
79
212
-369
138
364
40
2672
1442
-684
-259
-451
459
-1637
-1150
-341
570
581
-1015
-119
315
-658
-77
386
-545
93
200
-316
485
-3
-520
547
-72
-10
-581
632
-560
279
146
210
-267
-295
165
177
-199
-1209
-2394
-280
146
-69
641
1291
1085
-213
32
-44
-108
-49
-111
-132
-119
-65
-103
517
-624
599
-542
767
-617
-61
1415
107
-479
510
-604
43
-1723
1041
-2037
1811
-1695
858
-488
-333
165
274
-188
-27
220
320
-238
268
489
241
-499
-39
-47
-1152
-1347
515
-596
698
-510
735
-172
101
701
-137
-156
334
-127
340
489
-30
5
-64
530
305
272
-317
317
507
-21
-20
623
9
-1
234
-880
-2792
228
603
-217
45
157
169
510
-211
-69
7
500
5
-87
-204
375
-140
481
641
-13
-536
633
-177
937
610
21
525
160
12
4
-1128
10
-54
28
-32
-12
96
239
-1160
362
-417
408
-1033
1293
-270
218
1480
948
1646
1193
-177
-134
-174
91
-1606
1164
215
1000
-1
621
710
1397
1193
958
1231
3424
813
-90
637
-317
-2262
655
-852
592
-775
586
-404
747
145
385
68
485
-38
-815
-864
1234
94
-46
-255
-29
-182
775
-232
-324
215
-277
168
-322
323
-109
585
58
-873
-1805
493
-137
46
-297
410
219
92
-845
-139
-191
-877
-995
836
90
-172
-1874
619
-1250
1605
-1600
-798
82
30
412
-519
-444
607
-101
190
-25
163
93
1514
1253
128
-293
87
-212
-718
-1582
-772
771
-310
-609
727
-560
715
-378
-350
223
49
-408
431
49
-251
333
-628
618
-126
-48
62
183
-283
142
311
-253
378
1
174
181
-663
-2484
250
-793
295
88
1841
139
136
140
158
-996
737
-456
753
-350
-508
756
-987
404
540
-506
38
776
-648
684
426
-81
-85
220
224
-397
1045
-2034
1828
-1568
232
-355
279
208
-245
-542
144
373
-196
266
-156
306
468
-716
712
-555
-832
-1665
656
-276
-374
736
-358
612
135
148
129
-452
730
-175
582
378
-112
409
-31
-85
541
-279
430
394
-174
409
-25
505
93
166
156
-738
-2529
669
-20
34
-62
293
421
86
100
-497
645
81
139
153
-726
619
86
61
946
147
-495
689
-78
490
578
393
442
-165
341
465
-733
-2549
-10
-56
39
-56
15
14
25
-150
319
-415
401
-944
1530
-1601
-395
1577
1119
812
360
1043
-551
-191
750
-661
-930
1620
439
-187
1294
184
1296
475
590
162
1732
443
1254
1007
-182
1080
-1028
328
-1748
664
-871
613
-1303
2144
-63
-28
716
500
156
144
203
-846
-785
691
197
363
-148
-465
360
141
-38
-217
-61
138
-218
-35
-211
722
402
-304
180
-1499
-294
-421
-529
108
156
263
61
-418
-668
229
-505
-730
-607
678
-69
-457
623
-1327
1591
-1679
-449
460
419
-436
-271
-465
79
212
-369
138
364
40
2672
1442
-684
-259
-451
459
-1637
-1150
-341
570
581
-1015
-119
315
-658
-77
386
-545
93
200
-316
485
-3
-520
547
-72
-10
-581
632
-560
279
146
210
-267
-295
165
177
-199
-1209
-2394
-280
146
-69
641
1291
1085
-213
32
-44
-108
-49
-111
-132
-119
-65
-103
517
-624
599
-542
767
-617
-61
1415
107
-479
510
-604
43
-1723
1041
-2037
1811
-1695
858
-488
-333
165
274
-188
-27
220
320
-238
268
489
241
-499
-39
-47
-1152
-1347
515
-596
698
-510
735
-172
101
701
-137
-156
334
-127
340
489
-30
5
-64
530
305
272
-317
317
507
-21
-20
623
9
-1
234
-880
-2792
228
603
-217
45
157
169
510
-211
-69
7
500
5
-87
-204
375
-140
481
641
-13
-536
633
-177
937
610
21
525
160
12
4
-1128
9
-51
26
-47
40
10
-3
-233
10
-54
28
-32
-12
96
239
-1160
362
-417
408
-1033
1293
-270
218
1480
948
1646
1193
-177
-134
-174
91
-1606
1164
215
1000
-1
621
710
1397
1193
958
1231
3424
813
-90
637
-317
-2262
655
-852
592
-775
586
-404
747
145
385
68
485
-38
-815
-864
1234
94
-46
-255
-29
-182
775
-232
-324
215
-277
168
-322
323
-109
585
58
-873
-1805
493
-137
46
-297
410
219
92
-845
-139
-191
-877
-995
836
90
-172
-1874
619
-1250
1605
-1600
-798
82
30
412
-519
-444
607
-101
190
-25
163
93
1514
1253
128
-293
87
-212
-718
-1582
-772
771
-310
-609
727
-560
715
-378
-350
223
49
-408
431
49
-251
333
-628
618
-126
-48
62
183
-283
142
311
-253
378
1
174
181
-663
-2484
250
-793
295
88
1841
139
136
140
158
-996
737
-456
753
-350
-508
756
-987
404
540
-506
38
776
-648
684
426
-81
-85
220
224
-397
1045
-2034
1828
-1568
232
-355
279
208
-245
-542
144
373
-196
266
-156
306
468
-716
712
-555
-832
-1665
656
-276
-374
736
-358
612
135
148
129
-452
730
-175
582
378
-112
409
-31
-85
541
-279
430
394
-174
409
-25
505
93
166
156
-738
-2529
669
-20
34
-62
293
421
86
100
-497
645
81
139
153
-726
619
86
61
946
147
-495
689
-78
490
578
393
442
-165
341
465
-733
-2549
-10
-56
39
-56
15
14
25
-150
319
-415
401
-944
1530
-1601
-395
1577
1119
812
360
1043
-551
-191
750
-661
-930
1620
439
-187
1294
184
1296
475
590
162
1732
443
1254
1007
-182
1080
-1028
328
-1748
664
-871
613
-1303
2144
-63
-28
716
500
156
144
203
-846
-785
691
197
363
-148
-465
360
141
-38
-217
-61
138
-218
-35
-211
722
402
-304
180
-1499
-294
-421
-529
108
156
263
61
-418
-668
229
-505
-730
-607
678
-69
-457
623
-1327
1591
-1679
-449
460
419
-436
-271
-465
79
212
-369
138
364
40
2672
1442
-684
-259
-451
459
-1637
-1150
-341
570
581
-1015
-119
315
-658
-77
386
-545
93
200
-316
485
-3
-520
547
-72
-10
-581
632
-560
279
146
210
-267
-295
165
177
-199
-1209
-2394
-280
146
-69
641
1291
1085
-213
32
-44
-108
-49
-111
-132
-119
-65
-103
517
-624
599
-542
767
-617
-61
1415
107
-479
510
-604
43
-1723
1041
-2037
1811
-1695
858
-488
-333
165
274
-188
-27
220
320
-238
268
489
241
-499
-39
-47
-1152
-1347
515
-596
698
-510
735
-172
101
701
-137
-156
334
-127
340
489
-30
5
-64
530
305
272
-317
317
507
-21
-20
623
9
-1
234
-880
-2792
228
603
-217
45
157
169
510
-211
-69
7
500
5
-87
-204
375
-140
481
641
-13
-536
633
-177
937
610
21
525
160
12
4
-1128
10
-54
28
-32
-12
96
239
-1160
362
-417
408
-1033
1293
-270
218
1480
948
1646
1193
-177
-134
-174
91
-1606
1164
215
1000
-1
621
710
1397
1193
958
1231
3424
813
-90
637
-317
-2262
655
-852
592
-775
586
-404
747
145
385
68
485
-38
-815
-864
1234
94
-46
-255
-29
-182
775
-232
-324
215
-277
168
-322
323
-109
585
58
-873
-1805
493
-137
46
-297
410
219
92
-845
-139
-191
-877
-995
836
90
-172
-1874
619
-1250
1605
-1600
-798
82
30
412
-519
-444
607
-101
190
-25
163
93
1514
1253
128
-293
87
-212
-718
-1582
-772
771
-310
-609
727
-560
715
-378
-350
223
49
-408
431
49
-251
333
-628
618
-126
-48
62
183
-283
142
311
-253
378
1
174
181
-663
-2484
250
-793
295
88
1841
139
136
140
158
-996
737
-456
753
-350
-508
756
-987
404
540
-506
38
776
-648
684
426
-81
-85
220
224
-397
1045
-2034
1828
-1568
232
-355
279
208
-245
-542
144
373
-196
266
-156
306
468
-716
712
-555
-832
-1665
656
-276
-374
736
-358
612
135
148
129
-452
730
-175
582
378
-112
409
-31
-85
541
-279
430
394
-174
409
-25
505
93
166
156
-738
-2529
669
-20
34
-62
293
421
86
100
-497
645
81
139
153
-726
619
86
61
946
147
-495
689
-78
490
578
393
442
-165
341
465
-733
-2549
-10
-56
39
-56
15
14
25
-150
319
-415
401
-944
1530
-1601
-395
1577
1119
812
360
1043
-551
-191
750
-661
-930
1620
439
-187
1294
184
1296
475
590
162
1732
443
1254
1007
-182
1080
-1028
328
-1748
664
-871
613
-1303
2144
-63
-28
716
500
156
144
203
-846
-785
691
197
363
-148
-465
360
141
-38
-217
-61
138
-218
-35
-211
722
402
-304
180
-1499
-294
-421
-529
108
156
263
61
-418
-668
229
-505
-730
-607
678
-69
-457
623
-1327
1591
-1679
-449
460
419
-436
-271
-465
79
212
-369
138
364
40
2672
1442
-684
-259
-451
459
-1637
-1150
-341
570
581
-1015
-119
315
-658
-77
386
-545
93
200
-316
485
-3
-520
547
-72
-10
-581
632
-560
279
146
210
-267
-295
165
177
-199
-1209
-2394
-280
146
-69
641
1291
1085
-213
32
-44
-108
-49
-111
-132
-119
-65
-103
517
-624
599
-542
767
-617
-61
1415
107
-479
510
-604
43
-1723
1041
-2037
1811
-1695
858
-488
-333
165
274
-188
-27
220
320
-238
268
489
241
-499
-39
-47
-1152
-1347
515
-596
698
-510
735
-172
101
701
-137
-156
334
-127
340
489
-30
5
-64
530
305
272
-317
317
507
-21
-20
623
9
-1
234
-880
-2792
228
603
-217
45
157
169
510
-211
-69
7
500
5
-87
-204
375
-140
481
641
-13
-536
633
-177
937
610
21
525
160
12
4
-1128
9
-51
26
-47
40
10
-3
-233
354
-417
375
-871
1562
-1500
-798
2207
1220
1388
947
-237
-242
-372
-592
3
163
461
657
27
385
720
1974
1291
1000
145
2966
754
-33
173
89
-1935
648
-837
573
-1228
2196
371
-436
727
356
443
59
426
-940
-1056
1474
183
71
-576
-56
-147
797
-361
-352
167
-192
97
-367
813
9
260
26
-942
-1106
-226
-465
43
-283
746
441
-88
-849
55
-194
-1107
1245
200
634
31
-1810
-5525
-6426
-4649
-2134
991
-128
51
-398
108
210
-163
-186
-115
577
1934
1209
-756
1494
-1376
-2757
-3173
-2962
-1346
-1356
3913
322
-522
261
252
122
-515
109
334
-521
698
-559
755
150
-445
-5
99
274
-513
-76
761
67
-547
57
-75
-355
-2087
756
-1100
1379
1622
-370
-624
-142
-88
-533
657
-426
126
-613
1753
184
-554
100
-643
2067
-853
1220
-655
559
-107
-19
-624
-2496
1059
-2088
1840
-1751
1190
-421
179
-1
-85
-54
-224
-102
-79
549
288
-234
-336
412
-275
-980
-1702
19
-293
306
76
95
287
253
-296
366
-321
402
262
260
-283
331
347
301
-255
271
-267
339
535
337
-318
385
420
-360
185
494
-1539
-2187
711
214
-23
642
-263
284
30
-248
409
282
257
-904
531
-19
667
-248
384
333
-274
339
99
797
629
256
-325
838
265
-898
10
-54
28
-32
-12
96
239
-1160
362
-417
408
-1033
1293
-270
218
1480
948
1646
1193
-177
-134
-174
91
-1606
1164
215
1000
-1
621
710
1397
1193
958
1231
3424
813
-90
637
-317
-2262
655
-852
592
-775
586
-404
747
145
385
68
485
-38
-815
-864
1234
94
-46
-255
-29
-182
775
-232
-324
215
-277
168
-322
323
-109
585
58
-873
-1805
493
-137
46
-297
410
219
92
-845
-139
-191
-877
-995
836
90
-172
-1874
619
-1250
1605
-1600
-798
82
30
412
-519
-444
607
-101
190
-25
163
93
1514
1253
128
-293
87
-212
-718
-1582
-772
771
-310
-609
727
-560
715
-378
-350
223
49
-408
431
49
-251
333
-628
618
-126
-48
62
183
-283
142
311
-253
378
1
174
181
-663
-2484
250
-793
295
88
1841
139
136
140
158
-996
737
-456
753
-350
-508
756
-987
404
540
-506
38
776
-648
684
426
-81
-85
220
224
-397
1045
-2034
1828
-1568
232
-355
279
208
-245
-542
144
373
-196
266
-156
306
468
-716
712
-555
-832
-1665
656
-276
-374
736
-358
612
135
148
129
-452
730
-175
582
378
-112
409
-31
-85
541
-279
430
394
-174
409
-25
505
93
166
156
-738
-2529
669
-20
34
-62
293
421
86
100
-497
645
81
139
153
-726
619
86
61
946
147
-495
689
-78
490
578
393
442
-165
341
465
-733
-2549
-10
-56
39
-56
15
14
25
-150
319
-415
401
-944
1530
-1601
-395
1577
1119
812
360
1043
-551
-191
750
-661
-930
1620
439
-187
1294
184
1296
475
590
162
1732
443
1254
1007
-182
1080
-1028
328
-1748
664
-871
613
-1303
2144
-63
-28
716
500
156
144
203
-846
-785
691
197
363
-148
-465
360
141
-38
-217
-61
138
-218
-35
-211
722
402
-304
180
-1499
-294
-421
-529
108
156
263
61
-418
-668
229
-505
-730
-607
678
-69
-457
623
-1327
1591
-1679
-449
460
419
-436
-271
-465
79
212
-369
138
364
40
2672
1442
-684
-259
-451
459
-1637
-1150
-341
570
581
-1015
-119
315
-658
-77
386
-545
93
200
-316
485
-3
-520
547
-72
-10
-581
632
-560
279
146
210
-267
-295
165
177
-199
-1209
-2394
-280
146
-69
641
1291
1085
-213
32
-44
-108
-49
-111
-132
-119
-65
-103
517
-624
599
-542
767
-617
-61
1415
107
-479
510
-604
43
-1723
1041
-2037
1811
-1695
858
-488
-333
165
274
-188
-27
220
320
-238
268
489
241
-499
-39
-47
-1152
-1347
515
-596
698
-510
735
-172
101
701
-137
-156
334
-127
340
489
-30
5
-64
530
305
272
-317
317
507
-21
-20
623
9
-1
234
-880
-2792
228
603
-217
45
157
169
510
-211
-69
7
500
5
-87
-204
375
-140
481
641
-13
-536
633
-177
937
610
21
525
160
12
4
-1128
10
-54
28
-32
-12
96
239
-1160
362
-417
408
-1033
1293
-270
218
1480
948
1646
1193
-177
-134
-174
91
-1606
1164
