195
264
-513
43
-538
-1266
-1403
353
-858
897
-679
-402
881
-591
655
-18
-484
147
-498
643
45
-699
1020
895
296
904
-655
453
-80
-700
1465
-407
-284
320
-1069
544
-777
101
-278
-342
1926
-208
-689
2347
-1276
2556
-219
-1280
561
-2148
2588
-2121
-348
-692
653
-720
-322
-594
970
-130
146
-414
-733
871
60
-352
363
-659
2528
173
-294
633
626
-25
449
-432
-38
403
-430
496
-242
199
45
-707
868
-457
-82
514
-751
2277
-15
-405
319
1407
-503
138
-279
620
-127
112
83
-324
1225
-256
-203
1992
-861
-1276
1570
4
381
-978
893
-255
-1977
-703
-608
-713
2251
-246
-605
429
-207
437
-839
274
1241
-273
-22
419
-651
728
-274
530
-343
-205
861
-557
-304
1020
-646
493
-57
-587
-31
-791
1222
-370
1050
1805
-197
-602
731
-357
2815
550
-548
419
-498
-110
858
-740
528
77
-344
2441
-32
-109
1089
588
-584
1394
321
-1223
2348
-203
-595
589
-580
-1551
195
264
-513
43
-538
-1266
-1403
353
-858
897
-679
-402
881
-591
655
-18
-484
147
-498
643
45
-699
1020
895
296
904
-655
453
-80
-700
1465
-407
-284
320
-1069
544
-777
101
-278
-342
1926
-208
-689
2347
-1276
2556
-219
-1280
561
-2148
2588
-2121
-348
-692
653
-720
-322
-594
970
-130
146
-414
-733
871
60
-352
363
-659
2528
173
-294
633
626
-25
449
-432
-38
403
-430
496
-242
199
45
-707
868
-457
-82
514
-751
2277
-15
-405
319
1407
-503
138
-279
620
-127
112
83
-324
1225
-256
-203
1992
-861
-1276
1570
4
381
-978
893
-255
-1977
-703
-608
-713
2251
-246
-605
429
-207
437
-839
274
1241
-273
-22
419
-651
728
-274
530
-343
-205
861
-557
-304
1020
-646
493
-57
-587
-31
-791
1222
-370
1050
1805
-197
-602
731
-357
2815
550
-548
419
-498
-110
858
-740
528
77
-344
2441
-32
-109
1089
588
-584
1394
321
-1223
2348
-203
-595
589
-580
-1551
1753
-1984
1371
-332
382
-365
566
-751
-117
-124
-895
689
-144
596
-55
-423
-4
-75
2362
-252
-377
162
141
401
800
-116
670
400
-133
38
-501
1202
-166
705
-426
-710
596
-445
-30
-670
1339
-244
-407
-539
548
-811
-572
-347
-2322
-1777
-2645
2189
-181
-234
-47
113
-614
674
478
-366
-504
2038
-290
-627
573
-580
287
-769
501
-84
-35
175
-538
797
-269
-214
142
-475
2344
-239
-592
322
-106
657
-334
-168
619
401
-202
625
-212
443
192
-564
1704
-260
-572
1713
-414
1688
-46
-98
241
-540
794
1358
1
-87
87
-381
-204
1652
-68
-252
619
548
-1241
-4596
-2115
-44
-12
-865
821
100
-337
-650
17
-292
661
-48
183
132
126
-125
-98
-557
-214
1149
-320
-648
491
-445
745
36
-654
222
-433
-174
-518
1055
-235
-650
583
1106
61
1223
-271
-658
8
-800
445
-533
1134
386
-1125
1838
-118
-201
2411
765
312
-316
944
442
-618
-322
335
-21
657
-989
-793
1753
-1984
1371
-332
382
-365
566
-751
-117
-124
-895
689
-144
596
-55
-423
-4
-75
2362
-252
-377
162
141
401
800
-116
670
400
-133
38
-501
1202
-166
705
-426
-710
596
-445
-30
-670
1339
-244
-407
-539
548
-811
-572
-347
-2322
-1777
-2645
2189
-181
-234
-47
113
-614
674
478
-366
-504
2038
-290
-627
573
-580
287
-769
501
-84
-35
175
-538
797
-269
-214
142
-475
2344
-239
-592
322
-106
657
-334
-168
619
401
-202
625
-212
443
192
-564
1704
-260
-572
1713
-414
1688
-46
-98
241
-540
794
1358
1
-87
87
-381
-204
1652
-68
-252
619
548
-1241
-4596
-2115
-44
-12
-865
821
100
-337
-650
17
-292
661
-48
183
132
126
-125
-98
-557
-214
1149
-320
-648
491
-445
745
36
-654
222
-433
-174
-518
1055
-235
-650
583
1106
61
1223
-271
-658
8
-800
445
-533
1134
386
-1125
1838
-118
-201
2411
765
312
-316
944
442
-618
-322
335
-21
657
-989
-793
1737
-2459
2129
105
-620
856
-699
2451
-779
1125
-109
-525
847
7
561
-707
151
1047
1002
-27
271
-142
455
-960
3519
-91
-1088
2511
-645
1448
-1028
1976
-721
973
-375
798
986
-1126
1082
-350
1181
-688
-35
248
-213
-1690
80
1050
-303
205
-258
481
780
-897
795
34
-382
240
-350
416
-335
1876
-429
315
262
-696
1053
-284
84
177
77
375
-563
576
155
-444
976
-605
1485
-436
1235
757
-316
-845
2109
-1089
2416
-978
2222
-126
-1100
3336
-450
4
1804
535
-1037
170
556
-942
1631
-693
435
1049
131
-202
-945
2232
-1084
-549
694
507
-230
1078
-507
78
251
-616
596
-966
2673
110
-1465
3339
-251
-1086
2126
-581
697
-994
3262
585
-1014
488
693
-1019
900
-819
1554
-935
763
1677
-91
-417
-324
521
-187
-764
775
1024
-169
-670
2439
-950
2112
-105
-1395
3474
-527
905
99
-434
-502
766
-246
288
1726
-906
-324
3520
-439
-1048
-1707
-5
-41
-3
-20
197
-77
208
-682
240
-357
70
-378
4125
-3219
358
1335
1531
1569
1163
-374
192
-409
-589
266
134
643
337
885
956
846
1057
1393
1708
1448
1926
535
295
120
-1921
485
-708
1530
-922
1910
137
-674
660
60
-230
831
-74
-542
-602
1651
329
-392
-73
-278
823
-4
-52
-205
-360
453
-230
295
400
97
-121
82
-428
-1909
3911
-231
608
44
295
34
-401
-915
1060
-342
0
1090
-92
-217
-2410
679
-1390
1846
-1611
-141
-278
188
-243
525
270
-288
-217
15
283
-161
-54
-433
2137
3109
-423
-312
378
-147
289
-545
-1745
-646
163
-605
-397
710
-222
-1014
-80
-4
864
-781
-570
307
86
276
87
-392
152
-220
-186
-124
-3
-518
278
281
-308
-355
476
-413
-437
953
-371
-1443
-2210
-300
-263
-67
1623
156
-460
226
-284
227
-144
-292
-285
-135
-111
498
-1043
629
4
225
-838
1081
-648
226
617
-444
192
-222
495
-671
-2093
195
264
-513
43
-538
-1266
-1403
353
-858
897
-679
-402
881
-591
655
-18
-484
147
-498
643
45
-699
1020
895
296
904
-655
453
-80
-700
1465
-407
-284
320
-1069
544
-777
101
-278
-342
1926
-208
-689
2347
-1276
2556
-219
-1280
561
-2148
2588
-2121
-348
-692
653
-720
-322
-594
970
-130
146
-414
-733
871
60
-352
363
-659
2528
173
-294
633
626
-25
449
-432
-38
403
-430
496
-242
199
45
-707
868
-457
-82
514
-751
2277
-15
-405
319
1407
-503
138
-279
620
-127
112
83
-324
1225
-256
-203
1992
-861
-1276
1570
4
381
-978
893
-255
-1977
-703
-608
-713
2251
-246
-605
429
-207
437
-839
274
1241
-273
-22
419
-651
728
-274
530
-343
-205
861
-557
-304
1020
-646
493
-57
-587
-31
-791
1222
-370
1050
1805
-197
-602
731
-357
2815
550
-548
419
-498
-110
858
-740
528
77
-344
2441
-32
-109
1089
588
-584
1394
321
-1223
2348
-203
-595
589
-580
-1551
13
-57
34
-42
25
-114
133
-459
217
-229
764
-733
1583
-2474
-2061
2316
1136
695
759
192
612
-329
-83
311
-1028
-296
1408
238
364
874
375
614
919
1123
154
2382
-4
3045
205
873
29
-1335
507
-708
1534
-661
1153
368
-498
691
744
-247
347
-59
181
-1014
941
1239
187
-397
-475
144
44
716
-454
377
-216
589
-129
-100
560
-160
901
-539
514
-1893
2432
-309
31
-301
664
-103
149
-922
-98
-307
-910
368
119
447
-104
-1967
668
-1363
1787
-1788
628
-185
-325
567
147
-549
226
-192
418
-565
89
-298
275
2174
480
3157
197
-846
86
-670
-1373
-1976
98
213
58
-576
126
408
-960
-167
-222
-81
-6
-290
-313
304
-70
-328
-166
35
-578
190
-113
489
-699
336
248
-377
-308
-192
-290
182
-279
-1043
-2427
262
-1
-481
1116
849
303
-710
510
-541
240
186
-391
-460
-424
150
231
359
-709
282
-23
313
64
-273
558
-140
-122
-129
359
-228
-418
1753
-1984
1371
-332
382
-365
566
-751
-117
-124
-895
689
-144
596
-55
-423
-4
-75
2362
-252
-377
162
141
401
800
-116
670
400
-133
38
-501
1202
-166
705
-426
-710
596
-445
-30
-670
1339
-244
-407
-539
548
-811
-572
-347
-2322
-1777
-2645
2189
-181
-234
-47
113
-614
674
478
-366
-504
2038
-290
-627
573
-580
287
-769
501
-84
-35
175
-538
797
-269
-214
142
-475
2344
-239
-592
322
-106
657
-334
-168
619
401
-202
625
-212
443
192
-564
1704
-260
-572
1713
-414
1688
-46
-98
241
-540
794
1358
1
-87
87
-381
-204
1652
-68
-252
619
548
-1241
-4596
-2115
-44
-12
-865
821
100
-337
-650
17
-292
661
-48
183
132
126
-125
-98
-557
-214
1149
-320
-648
491
-445
745
36
-654
222
-433
-174
-518
1055
-235
-650
583
1106
61
1223
-271
-658
8
-800
445
-533
1134
386
-1125
1838
-118
-201
2411
765
312
-316
944
442
-618
-322
335
-21
657
-989
-793
-5
-41
-3
-20
197
-77
208
-682
240
-357
70
-378
4125
-3219
358
1335
1531
1569
1163
-374
192
-409
-589
266
134
643
337
885
956
846
1057
1393
1708
1448
1926
535
295
120
-1921
485
-708
1530
-922
1910
137
-674
660
60
-230
831
-74
-542
-602
1651
329
-392
-73
-278
823
-4
-52
-205
-360
453
-230
295
400
97
-121
82
-428
-1909
3911
-231
608
44
295
34
-401
-915
1060
-342
0
1090
-92
-217
-2410
679
-1390
1846
-1611
-141
-278
188
-243
525
270
-288
-217
15
283
-161
-54
-433
2137
3109
-423
-312
378
-147
289
-545
-1745
-646
163
-605
-397
710
-222
-1014
-80
-4
864
-781
-570
307
86
276
87
-392
152
-220
-186
-124
-3
-518
278
281
-308
-355
476
-413
-437
953
-371
-1443
-2210
-300
-263
-67
1623
156
-460
226
-284
227
-144
-292
-285
-135
-111
498
-1043
629
4
225
-838
1081
-648
226
617
-444
192
-222
495
-671
-2093
195
264
-513
43
-538
-1266
-1403
353
-858
897
-679
-402
881
-591
655
-18
-484
147
-498
643
45
-699
1020
895
296
904
-655
453
-80
-700
1465
-407
-284
320
-1069
544
-777
101
-278
-342
1926
-208
-689
2347
-1276
2556
-219
-1280
561
-2148
2588
-2121
-348
-692
653
-720
-322
-594
970
-130
146
-414
-733
871
60
-352
363
-659
2528
173
-294
633
626
-25
449
-432
-38
403
-430
496
-242
199
45
-707
868
-457
-82
514
-751
2277
-15
-405
319
1407
-503
138
-279
620
-127
112
83
-324
1225
-256
-203
1992
-861
-1276
1570
4
381
-978
893
-255
-1977
-703
-608
-713
2251
-246
-605
429
-207
437
-839
274
1241
-273
-22
419
-651
728
-274
530
-343
-205
861
-557
-304
1020
-646
493
-57
-587
-31
-791
1222
-370
1050
1805
-197
-602
731
-357
2815
550
-548
419
-498
-110
858
-740
528
77
-344
2441
-32
-109
1089
588
-584
1394
321
-1223
2348
-203
-595
589
-580
-1551
13
-57
34
-42
25
-114
133
-459
217
-229
764
-733
1583
-2474
-2061
2316
1136
695
759
192
612
-329
-83
311
-1028
-296
1408
238
364
874
375
614
919
1123
154
2382
-4
3045
205
873
29
-1335
507
-708
1534
-661
1153
368
-498
691
744
-247
347
-59
181
-1014
941
1239
187
-397
-475
144
44
716
-454
377
-216
589
-129
-100
560
-160
901
-539
514
-1893
2432
-309
31
-301
664
-103
149
-922
-98
-307
-910
368
119
447
-104
-1967
668
-1363
1787
-1788
628
-185
-325
567
147
-549
226
-192
418
-565
89
-298
275
2174
480
3157
197
-846
86
-670
-1373
-1976
98
213
58
-576
126
408
-960
-167
-222
-81
-6
-290
-313
304
-70
-328
-166
35
-578
190
-113
489
-699
336
248
-377
-308
-192
-290
182
-279
-1043
-2427
262
-1
-481
1116
849
303
-710
510
-541
240
186
-391
-460
-424
150
231
359
-709
282
-23
313
64
-273
558
-140
-122
-129
359
-228
-418
1753
-1984
1371
-332
382
-365
566
-751
-117
-124
-895
689
-144
596
-55
-423
-4
-75
2362
-252
-377
162
141
401
800
-116
670
400
-133
38
-501
1202
-166
705
-426
-710
596
-445
-30
-670
1339
-244
-407
-539
548
-811
-572
-347
-2322
-1777
-2645
2189
-181
-234
-47
113
-614
674
478
-366
-504
2038
-290
-627
573
-580
287
-769
501
-84
-35
175
-538
797
-269
-214
142
-475
2344
-239
-592
322
-106
657
-334
-168
619
401
-202
625
-212
443
192
-564
1704
-260
-572
1713
-414
1688
-46
-98
241
-540
794
1358
1
-87
87
-381
-204
1652
-68
-252
619
548
-1241
-4596
-2115
-44
-12
-865
821
100
-337
-650
17
-292
661
-48
183
132
126
-125
-98
-557
-214
1149
-320
-648
491
-445
745
36
-654
222
-433
-174
-518
1055
-235
-650
583
1106
61
1223
-271
-658
8
-800
445
-533
1134
386
-1125
1838
-118
-201
2411
765
312
-316
944
442
-618
-322
335
-21
657
-989
-793
11
-51
31
-48
22
-105
64
-342
-5
-41
-3
-20
197
-77
208
-682
240
-357
70
-378
4125
-3219
358
1335
1531
1569
1163
-374
192
-409
-589
266
134
643
337
885
956
846
1057
1393
1708
1448
1926
535
295
120
-1921
485
-708
1530
-922
1910
137
-674
660
60
-230
831
-74
-542
-602
1651
329
-392
-73
-278
823
-4
-52
-205
-360
453
-230
295
400
97
-121
82
-428
-1909
3911
-231
608
44
295
34
-401
-915
1060
-342
0
1090
-92
-217
-2410
679
-1390
1846
-1611
-141
-278
188
-243
525
270
-288
-217
15
283
-161
-54
-433
2137
3109
-423
-312
378
-147
289
-545
-1745
-646
163
-605
-397
710
-222
-1014
-80
-4
864
-781
-570
307
86
276
87
-392
152
-220
-186
-124
-3
-518
278
281
-308
-355
476
-413
-437
953
-371
-1443
-2210
-300
-263
-67
1623
156
-460
226
-284
227
-144
-292
-285
-135
-111
498
-1043
629
4
225
-838
1081
-648
226
617
-444
192
-222
495
-671
-2093
195
264
-513
43
-538
-1266
-1403
353
-858
897
-679
-402
881
-591
655
-18
-484
147
-498
643
45
-699
1020
895
296
904
-655
453
-80
-700
1465
-407
-284
320
-1069
544
-777
101
-278
-342
1926
-208
-689
2347
-1276
2556
-219
-1280
561
-2148
2588
-2121
-348
-692
653
-720
-322
-594
970
-130
146
-414
-733
871
60
-352
363
-659
2528
173
-294
633
626
-25
449
-432
-38
403
-430
496
-242
199
45
-707
868
-457
-82
514
-751
2277
-15
-405
319
1407
-503
138
-279
620
-127
112
83
-324
1225
-256
-203
1992
-861
-1276
1570
4
381
-978
893
-255
-1977
-703
-608
-713
2251
-246
-605
429
-207
437
-839
274
1241
-273
-22
419
-651
728
-274
530
-343
-205
861
-557
-304
1020
-646
493
-57
-587
-31
-791
1222
-370
1050
1805
-197
-602
731
-357
2815
550
-548
419
-498
-110
858
-740
528
77
-344
2441
-32
-109
1089
588
-584
1394
321
-1223
2348
-203
-595
589
-580
-1551
13
-57
34
-42
25
-114
133
-459
217
-229
764
-733
1583
-2474
-2061
2316
1136
695
759
192
612
-329
-83
311
-1028
-296
1408
238
364
874
375
614
919
1123
154
2382
-4
3045
205
873
29
-1335
507
-708
1534
-661
1153
368
-498
691
744
-247
347
-59
181
-1014
941
1239
187
-397
-475
144
44
716
-454
377
-216
589
-129
-100
560
-160
901
-539
514
-1893
2432
-309
31
-301
664
-103
149
-922
-98
-307
-910
368
119
447
-104
-1967
668
-1363
1787
-1788
628
-185
-325
567
147
-549
226
-192
418
-565
89
-298
275
2174
480
3157
197
-846
86
-670
-1373
-1976
98
213
58
-576
126
408
-960
-167
-222
-81
-6
-290
-313
304
-70
-328
-166
35
-578
190
-113
489
-699
336
248
-377
-308
-192
-290
182
-279
-1043
-2427
262
-1
-481
1116
849
303
-710
510
-541
240
186
-391
-460
-424
150
231
359
-709
282
-23
313
64
-273
558
-140
-122
-129
359
-228
-418
1753
-1984
1371
-332
382
-365
566
-751
-117
-124
-895
689
-144
596
-55
-423
-4
-75
2362
-252
-377
162
141
401
800
-116
670
400
-133
38
-501
1202
-166
705
-426
-710
596
-445
-30
-670
1339
-244
-407
-539
548
-811
-572
-347
-2322
-1777
-2645
2189
-181
-234
-47
113
-614
674
478
-366
-504
2038
-290
-627
573
-580
287
-769
501
-84
-35
175
-538
797
-269
-214
142
-475
2344
-239
-592
322
-106
657
-334
-168
619
401
-202
625
-212
443
192
-564
1704
-260
-572
1713
-414
1688
-46
-98
241
-540
794
1358
1
-87
87
-381
-204
1652
-68
-252
619
548
-1241
-4596
-2115
-44
-12
-865
821
100
-337
-650
17
-292
661
-48
183
132
126
-125
-98
-557
-214
1149
-320
-648
491
-445
745
36
-654
222
-433
-174
-518
1055
-235
-650
583
1106
61
1223
-271
-658
8
-800
445
-533
1134
386
-1125
1838
-118
-201
2411
765
312
-316
944
442
-618
-322
335
-21
657
-989
-793
-5
-41
-3
-20
197
-77
208
-682
240
-357
70
-378
4125
-3219
358
1335
1531
1569
1163
-374
192
-409
-589
266
134
643
337
885
956
846
1057
1393
1708
1448
1926
535
295
120
-1921
485
-708
1530
-922
1910
137
-674
660
60
-230
831
-74
-542
-602
1651
329
-392
-73
-278
823
-4
-52
-205
-360
453
-230
295
400
97
-121
82
-428
-1909
3911
-231
608
44
295
34
-401
-915
1060
-342
0
1090
-92
-217
-2410
679
-1390
1846
-1611
-141
-278
188
-243
525
270
-288
-217
15
283
-161
-54
-433
2137
3109
-423
-312
378
-147
289
-545
-1745
-646
163
-605
-397
710
-222
-1014
-80
-4
864
-781
-570
307
86
276
87
-392
152
-220
-186
-124
-3
-518
278
281
-308
-355
476
-413
-437
953
-371
-1443
-2210
-300
-263
-67
1623
156
-460
226
-284
227
-144
-292
-285
-135
-111
498
-1043
629
4
225
-838
1081
-648
226
617
-444
192
-222
495
-671
-2093
195
264
-513
43
-538
-1266
-1403
353
-858
897
-679
-402
881
-591
655
-18
-484
147
-498
643
45
-699
1020
895
296
904
-655
453
-80
-700
1465
-407
-284
320
-1069
544
-777
101
-278
-342
1926
-208
-689
2347
-1276
2556
-219
-1280
561
-2148
2588
-2121
-348
-692
653
-720
-322
-594
970
-130
146
-414
-733
871
60
-352
363
-659
2528
173
-294
633
626
-25
449
-432
-38
403
-430
496
-242
199
45
-707
868
-457
-82
514
-751
2277
-15
-405
319
1407
-503
138
-279
620
-127
112
83
-324
1225
-256
-203
1992
-861
-1276
1570
4
381
-978
893
-255
-1977
-703
-608
-713
2251
-246
-605
429
-207
437
-839
274
1241
-273
-22
419
-651
728
-274
530
-343
-205
861
-557
-304
1020
-646
493
-57
-587
-31
-791
1222
-370
1050
1805
-197
-602
731
-357
2815
550
-548
419
-498
-110
858
-740
528
77
-344
2441
-32
-109
1089
588
-584
1394
321
-1223
2348
-203
-595
589
-580
-1551
13
-57
34
-42
25
-114
133
-459
217
-229
764
-733
1583
-2474
-2061
2316
1136
695
759
192
612
-329
-83
311
-1028
-296
1408
238
364
874
375
614
919
1123
154
2382
-4
3045
205
873
29
-1335
507
-708
1534
-661
1153
368
-498
691
744
-247
347
-59
181
-1014
941
1239
187
-397
-475
144
44
716
-454
377
-216
589
-129
-100
560
-160
901
-539
514
-1893
2432
-309
31
-301
664
-103
149
-922
-98
-307
-910
368
119
447
-104
-1967
668
-1363
1787
-1788
628
-185
-325
567
147
-549
226
-192
418
-565
89
-298
275
2174
480
3157
197
-846
86
-670
-1373
-1976
98
213
58
-576
126
408
-960
-167
-222
-81
-6
-290
-313
304
-70
-328
-166
35
-578
190
-113
489
-699
336
248
-377
-308
-192
-290
182
-279
-1043
-2427
262
-1
-481
1116
849
303
-710
510
-541
240
186
-391
-460
-424
150
231
359
-709
282
-23
313
64
-273
558
-140
-122
-129
359
-228
-418
1753
-1984
1371
-332
382
-365
566
-751
-117
-124
-895
689
-144
596
-55
-423
-4
-75
2362
-252
-377
162
141
401
800
-116
670
400
-133
38
-501
1202
-166
705
-426
-710
596
-445
-30
-670
1339
-244
-407
-539
548
-811
-572
-347
-2322
-1777
-2645
2189
-181
-234
-47
113
-614
674
478
-366
-504
2038
-290
-627
573
-580
287
-769
501
-84
-35
175
-538
797
-269
-214
142
-475
2344
-239
-592
322
-106
657
-334
-168
619
401
-202
625
-212
443
192
-564
1704
-260
-572
1713
-414
1688
-46
-98
241
-540
794
1358
1
-87
87
-381
-204
1652
-68
-252
619
548
-1241
-4596
-2115
-44
-12
-865
821
100
-337
-650
17
-292
661
-48
183
132
126
-125
-98
-557
-214
1149
-320
-648
491
-445
745
36
-654
222
-433
-174
-518
1055
-235
-650
583
1106
61
1223
-271
-658
8
-800
445
-533
1134
386
-1125
1838
-118
-201
2411
765
312
-316
944
442
-618
-322
335
-21
657
-989
-793
11
-51
31
-48
22
-105
64
-342
209
-245
839
-942
1858
-2620
-1974
2555
1389
1516
857
-362
374
-522
-128
-1078
639
622
308
758
269
660
1783
1282
1010
748
2873
839
380
-314
-737
-5
-41
-3
-20
197
-77
208
-682
240
-357
70
-378
4125
-3219
358
1335
1531
1569
1163
-374
192
-409
-589
266
134
643
337
885
956
846
1057
1393
1708
1448
1926
535
295
120
-1921
485
-708
1530
-922
1910
137
-674
660
60
-230
831
-74
-542
-602
1651
329
-392
-73
-278
823
-4
-52
-205
-360
453
-230
295
400
97
-121
82
-428
-1909
3911
-231
608
44
295
34
-401
-915
1060
-342
0
1090
-92
-217
-2410
679
-1390
1846
-1611
-141
-278
188
-243
525
270
-288
-217
15
283
-161
-54
-433
2137
3109
-423
-312
378
-147
289
-545
-1745
-646
163
-605
-397
710
-222
-1014
-80
-4
864
-781
-570
307
86
276
87
-392
152
-220
-186
-124
-3
-518
278
281
-308
-355
476
-413
-437
953
-371
-1443
-2210
-300
-263
-67
1623
156
-460
226
-284
227
-144
-292
-285
-135
-111
498
-1043
629
4
225
-838
1081
-648
226
617
-444
192
-222
495
-671
-2093
195
264
-513
43
-538
-1266
-1403
353
-858
897
-679
-402
881
-591
655
-18
-484
147
-498
643
45
-699
1020
895
296
904
-655
453
-80
-700
1465
-407
-284
320
-1069
544
-777
101
-278
-342
1926
-208
-689
2347
-1276
2556
-219
-1280
561
-2148
2588
-2121
-348
-692
653
-720
-322
-594
970
-130
146
-414
-733
871
60
-352
363
-659
2528
173
-294
633
626
-25
449
-432
-38
403
-430
496
-242
199
45
-707
868
-457
-82
514
-751
2277
-15
-405
319
1407
-503
138
-279
620
-127
112
83
-324
1225
-256
-203
1992
-861
-1276
1570
4
381
-978
893
-255
-1977
-703
-608
-713
2251
-246
-605
429
-207
437
-839
274
1241
-273
-22
419
-651
728
-274
530
-343
-205
861
-557
-304
1020
-646
493
-57
-587
-31
-791
1222
-370
1050
1805
-197
-602
731
-357
2815
550
-548
419
-498
-110
858
-740
528
77
-344
2441
-32
-109
1089
588
-584
1394
321
-1223
2348
-203
-595
589
-580
-1551
13
-57
34
-42
25
-114
133
-459
217
-229
764
-733
1583
-2474
-2061
2316
1136
695
759
192
612
-329
-83
311
-1028
-296
1408
238
364
874
375
614
919
1123
154
2382
-4
3045
205
873
29
-1335
507
-708
1534
-661
1153
368
-498
691
744
-247
347
-59
181
-1014
941
1239
187
-397
-475
144
44
716
-454
377
-216
589
-129
-100
560
-160
901
-539
514
-1893
2432
-309
31
-301
664
-103
149
-922
-98
-307
-910
368
119
447
-104
-1967
668
-1363
1787
-1788
628
-185
-325
567
147
-549
226
-192
418
-565
89
-298
275
2174
480
3157
197
-846
86
-670
-1373
-1976
98
213
58
-576
126
408
-960
-167
-222
-81
-6
-290
-313
304
-70
-328
-166
35
-578
190
-113
489
-699
336
248
-377
-308
-192
-290
182
-279
-1043
-2427
262
-1
-481
1116
849
303
-710
510
-541
240
186
-391
-460
-424
150
231
359
-709
282
-23
313
64
-273
558
-140
-122
-129
359
-228
-418
1753
-1984
1371
-332
382
-365
566
-751
-117
-124
-895
689
-144
596
-55
-423
-4
-75
2362
-252
-377
162
141
401
800
-116
670
400
-133
38
-501
1202
-166
705
-426
-710
596
-445
-30
-670
1339
-244
-407
-539
548
-811
-572
-347
-2322
-1777
-2645
2189
-181
-234
-47
113
-614
674
478
-366
-504
2038
-290
-627
573
-580
287
-769
501
-84
-35
175
-538
797
-269
-214
142
-475
2344
-239
-592
322
-106
657
-334
-168
619
401
-202
625
-212
443
192
-564
1704
-260
-572
1713
-414
1688
-46
-98
241
-540
794
1358
1
-87
87
-381
-204
1652
-68
-252
619
548
-1241
-4596
-2115
-44
-12
-865
821
100
-337
-650
17
-292
661
-48
183
132
126
-125
-98
-557
-214
1149
-320
-648
491
-445
745
36
-654
222
-433
-174
-518
1055
-235
-650
583
1106
61
1223
-271
-658
8
-800
445
-533
1134
386
-1125
1838
-118
-201
2411
765
312
-316
944
442
-618
-322
335
-21
657
-989
-793
-5
-41
-3
-20
197
-77
208
-682
240
-357
70
-378
4125
-3219
358
1335
1531
1569
1163
-374
192
-409
-589
266
134
643
337
885
956
846
1057
1393
1708
1448
1926
535
295
120
-1921
485
-708
1530
-922
1910
137
-674
660
60
-230
831
-74
-542
-602
1651
329
-392
-73
-278
823
-4
-52
-205
-360
453
-230
295
400
97
-121
82
-428
-1909
3911
-231
608
44
295
34
-401
-915
1060
-342
0
1090
-92
-217
-2410
679
-1390
1846
-1611
-141
-278
188
-243
525
270
-288
-217
15
283
-161
-54
-433
2137
3109
-423
-312
378
-147
289
-545
-1745
-646
163
-605
-397
710
-222
-1014
-80
-4
864
-781
-570
307
86
276
87
-392
152
-220
-186
-124
-3
-518
278
281
-308
-355
476
-413
-437
953
-371
-1443
-2210
-300
-263
-67
1623
156
-460
226
-284
227
-144
-292
-285
-135
-111
498
-1043
629
4
225
-838
1081
-648
226
617
-444
192
-222
495
-671
-2093
195
264
-513
43
-538
-1266
-1403
353
-858
897
-679
-402
881
-591
655
-18
-484
147
-498
643
45
-699
1020
895
296
904
-655
453
-80
-700
1465
-407
-284
320
-1069
544
-777
101
-278
-342
1926
-208
-689
2347
-1276
2556
-219
-1280
561
-2148
2588
-2121
-348
-692
653
-720
-322
-594
970
-130
146
-414
-733
871
60
-352
363
-659
2528
173
-294
633
626
-25
449
-432
-38
403
-430
496
-242
199
45
-707
868
-457
-82
514
-751
2277
-15
-405
319
1407
-503
138
-279
620
-127
112
83
-324
1225
-256
-203
1992
-861
-1276
1570
4
381
-978
893
-255
-1977
-703
-608
-713
2251
-246
-605
429
-207
437
-839
274
1241
-273
-22
419
-651
728
-274
530
-343
-205
861
-557
-304
1020
-646
493
-57
-587
-31
-791
1222
-370
1050
1805
-197
-602
731
-357
2815
550
-548
419
-498
-110
858
-740
528
77
-344
2441
-32
-109
1089
588
-584
1394
321
-1223
2348
-203
-595
589
-580
-1551
13
-57
34
-42
25
-114
133
-459
217
-229
764
-733
1583
-2474
-2061
2316
1136
695
759
192
612
-329
-83
311
-1028
-296
1408
238
364
874
375
614
919
1123
154
2382
-4
3045
205
873
29
-1335
507
-708
1534
-661
1153
368
-498
691
744
-247
347
-59
181
-1014
941
1239
187
-397
-475
144
44
716
-454
377
-216
589
-129
-100
560
-160
901
-539
514
-1893
2432
-309
31
-301
664
-103
149
-922
-98
-307
-910
368
119
447
-104
-1967
668
-1363
1787
-1788
628
-185
-325
567
147
-549
226
-192
418
-565
89
-298
275
2174
480
3157
197
-846
86
-670
-1373
-1976
98
213
58
-576
126
408
-960
-167
-222
-81
-6
-290
-313
304
-70
-328
-166
35
-578
190
-113
489
-699
336
248
-377
-308
-192
-290
182
-279
-1043
-2427
262
-1
-481
1116
849
303
-710
510
-541
240
186
-391
-460
-424
150
231
359
-709
282
-23
313
64
-273
558
-140
-122
-129
359
-228
-418
1753
-1984
1371
-332
382
-365
566
-751
-117
-124
-895
689
-144
596
-55
-423
-4
-75
2362
-252
-377
162
141
401
800
-116
670
400
-133
38
-501
1202
-166
705
-426
-710
596
-445
-30
-670
1339
-244
-407
-539
548
-811
-572
-347
-2322
-1777
-2645
2189
-181
-234
-47
113
-614
674
478
-366
-504
2038
-290
-627
573
-580
287
-769
501
-84
-35
175
-538
797
-269
-214
142
-475
2344
-239
-592
322
-106
657
-334
-168
619
401
-202
625
-212
443
192
-564
1704
-260
-572
1713
-414
1688
-46
-98
241
-540
794
1358
1
-87
87
-381
-204
1652
-68
-252
619
548
-1241
-4596
-2115
-44
-12
-865
821
100
-337
-650
17
-292
661
-48
183
132
126
-125
-98
-557
-214
1149
-320
-648
491
-445
745
36
-654
222
-433
-174
-518
1055
-235
-650
583
1106
61
1223
-271
-658
8
-800
445
-533
1134
386
-1125
1838
-118
-201
2411
765
312
-316
944
442
-618
-322
335
-21
657
-989
-793
11
-51
31
-48
22
-105
64
-342
-5
-41
-3
-20
197
-77
208
-682
240
-357
70
-378
4125
-3219
358
1335
1531
1569
1163
-374
192
-409
-589
266
134
643
337
885
956
846
1057
1393
1708
1448
1926
535
295
120
-1921
485
-708
1530
-922
1910
137
-674
660
60
-230
831
-74
-542
-602
1651
329
-392
-73
-278
823
-4
-52
-205
-360
453
-230
295
400
97
-121
82
-428
-1909
3911
-231
608
44
295
34
-401
-915
1060
-342
0
1090
-92
-217
-2410
679
-1390
1846
-1611
-141
-278
188
-243
525
270
-288
-217
15
283
-161
-54
-433
2137
3109
-423
-312
378
-147
289
-545
-1745
-646
163
-605
-397
710
-222
-1014
-80
-4
864
-781
-570
307
86
276
87
-392
152
-220
-186
-124
-3
-518
278
281
-308
-355
476
-413
-437
953
-371
-1443
-2210
-300
-263
-67
1623
156
-460
226
-284
227
-144
-292
-285
-135
-111
498
-1043
629
4
225
-838
1081
-648
226
617
-444
192
-222
495
-671
-2093
195
264
-513
43
-538
-1266
-1403
353
-858
897
-679
-402
881
-591
655
-18
-484
147
-498
643
45
-699
1020
895
296
904
-655
453
-80
-700
1465
-407
-284
320
-1069
544
-777
101
-278
-342
1926
-208
-689
2347
-1276
2556
-219
-1280
561
-2148
2588
-2121
-348
-692
653
-720
-322
-594
970
-130
146
-414
-733
871
60
-352
363
-659
2528
173
-294
633
626
-25
449
-432
-38
403
-430
496
-242
199
45
-707
868
-457
-82
514
-751
2277
-15
-405
319
1407
-503
138
-279
620
-127
112
83
-324
1225
-256
-203
1992
-861
-1276
1570
4
381
-978
893
-255
-1977
-703
-608
-713
2251
-246
-605
429
-207
437
-839
274
1241
-273
-22
419
-651
728
-274
530
-343
-205
861
-557
-304
1020
-646
493
-57
-587
-31
-791
1222
-370
1050
1805
-197
-602
731
-357
2815
550
-548
419
-498
-110
858
-740
528
77
-344
2441
-32
-109
1089
588
-584
1394
321
-1223
2348
-203
-595
589
-580
-1551
13
-57
34
-42
25
-114
133
-459
217
-229
764
-733
1583
-2474
-2061
2316
1136
695
759
192
612
-329
-83
311
-1028
-296
1408
238
364
874
375
614
919
1123
154
2382
-4
3045
205
873
29
-1335
507
-708
1534
-661
1153
368
-498
691
744
-247
347
-59
181
-1014
941
1239
187
-397
-475
144
44
716
-454
377
-216
589
-129
-100
560
-160
901
-539
514
-1893
2432
-309
31
-301
664
-103
149
-922
-98
-307
-910
368
119
447
-104
-1967
668
-1363
1787
-1788
628
-185
-325
567
147
-549
226
-192
418
-565
89
-298
275
2174
480
3157
197
-846
86
-670
-1373
-1976
98
213
58
-576
126
408
-960
-167
-222
-81
-6
-290
-313
304
-70
-328
-166
35
-578
190
-113
489
-699
336
248
-377
-308
-192
-290
182
-279
-1043
-2427
262
-1
-481
1116
849
303
-710
510
-541
240
186
-391
-460
-424
150
231
359
-709
282
-23
313
64
-273
558
-140
-122
-129
359
-228
-418
1753
-1984
1371
-332
382
-365
566
-751
-117
-124
-895
689
-144
596
-55
-423
-4
-75
2362
-252
-377
162
141
401
800
-116
670
400
-133
38
-501
1202
-166
705
-426
-710
596
-445
-30
-670
1339
-244
-407
-539
548
-811
-572
-347
-2322
-1777
-2645
2189
-181
-234
-47
113
-614
674
478
-366
-504
2038
-290
-627
573
-580
287
-769
501
-84
-35
175
-538
797
-269
-214
142
-475
2344
-239
-592
322
-106
657
-334
-168
619
401
-202
625
-212
443
192
-564
1704
-260
-572
1713
-414
1688
-46
-98
241
-540
794
1358
1
-87
87
-381
-204
1652
-68
-252
619
548
-1241
-4596
-2115
-44
-12
-865
821
100
-337
-650
17
-292
661
-48
183
132
126
-125
-98
-557
-214
1149
-320
-648
491
-445
745
36
-654
222
-433
-174
-518
1055
-235
-650
583
1106
61
1223
-271
-658
8
-800
445
-533
1134
386
-1125
1838
-118
-201
2411
765
312
-316
944
442
-618
-322
335
-21
657
-989
-793
-5
-41
-3
-20
197
-77
208
-682
240
-357
70
-378
4125
-3219
358
1335
1531
1569
1163
-374
192
-409
-589
266
134
643
337
885
956
846
1057
1393
1708
1448
1926
535
295
120
-1921
485
-708
1530
-922
1910
137
-674
660
60
-230
831
-74
-542
-602
1651
329
-392
-73
-278
823
-4
-52
-205
-360
453
-230
295
400
97
-121
82
-428
-1909
3911
-231
608
44
295
34
-401
-915
1060
-342
0
1090
-92
-217
-2410
679
-1390
1846
-1611
-141
-278
188
-243
525
270
-288
-217
15
283
-161
-54
-433
2137
3109
-423
-312
378
-147
289
-545
-1745
-646
163
-605
-397
710
-222
-1014
-80
-4
864
-781
-570
307
86
276
87
-392
152
-220
-186
-124
-3
-518
278
281
-308
-355
476
-413
-437
953
-371
-1443
-2210
-300
-263
-67
1623
156
-460
226
-284
227
-144
-292
-285
-135
-111
498
-1043
629
4
225
-838
1081
-648
226
617
-444
192
-222
495
-671
-2093
195
264
-513
43
-538
-1266
-1403
353
-858
897
-679
-402
881
-591
655
-18
-484
147
-498
643
45
-699
1020
895
296
904
-655
453
-80
-700
1465
-407
-284
320
-1069
544
-777
101
-278
-342
1926
-208
-689
2347
-1276
2556
-219
-1280
561
-2148
2588
-2121
-348
-692
653
-720
-322
-594
970
-130
146
-414
-733
871
60
-352
363
-659
2528
173
-294
633
626
-25
449
-432
-38
403
-430
496
-242
199
45
-707
868
-457
-82
514
-751
2277
-15
-405
319
1407
-503
138
-279
620
-127
112
83
-324
1225
-256
-203
1992
-861
-1276
1570
4
381
-978
893
-255
-1977
-703
-608
-713
2251
-246
-605
429
-207
437
-839
274
1241
-273
-22
419
-651
728
-274
530
-343
-205
861
-557
-304
1020
-646
493
-57
-587
-31
-791
1222
-370
1050
1805
-197
-602
731
-357
2815
550
-548
419
-498
-110
858
-740
528
77
-344
2441
-32
-109
1089
588
-584
1394
321
-1223
2348
-203
-595
589
-580
-1551
13
-57
34
-42
25
-114
133
-459
217
-229
764
-733
1583
-2474
-2061
2316
1136
695
759
192
612
-329
-83
311
-1028
-296
1408
238
364
874
375
614
919
1123
154
2382
-4
3045
205
873
29
-1335
507
-708
1534
-661
1153
368
-498
691
744
-247
347
-59
181
-1014
941
1239
187
-397
-475
144
44
716
-454
377
-216
589
-129
-100
560
-160
901
-539
514
-1893
2432
-309
31
-301
664
-103
149
-922
-98
-307
-910
368
119
447
-104
-1967
668
-1363
1787
-1788
628
-185
-325
567
147
-549
226
-192
418
-565
89
-298
275
2174
480
3157
197
-846
86
-670
-1373
-1976
98
213
58
-576
126
408
-960
-167
-222
-81
-6
-290
-313
304
-70
-328
-166
35
-578
190
-113
489
-699
336
248
-377
-308
-192
-290
182
-279
-1043
-2427
262
-1
-481
1116
849
303
-710
510
-541
240
186
-391
-460
-424
150
231
359
-709
282
-23
313
64
-273
558
-140
-122
-129
359
-228
-418
1753
-1984
1371
-332
382
-365
566
-751
-117
-124
-895
689
-144
596
-55
-423
-4
-75
2362
-252
-377
162
141
401
800
-116
670
400
-133
38
-501
1202
-166
705
-426
-710
596
-445
-30
-670
1339
-244
-407
-539
548
-811
-572
-347
-2322
-1777
-2645
2189
-181
-234
-47
113
-614
674
478
-366
-504
2038
-290
-627
573
-580
287
-769
501
-84
-35
175
-538
797
-269
-214
142
-475
2344
-239
-592
322
-106
657
-334
-168
619
401
-202
625
-212
443
192
-564
1704
-260
-572
1713
-414
1688
-46
-98
241
-540
794
1358
1
-87
87
-381
-204
1652
-68
-252
619
548
-1241
-4596
-2115
-44
-12
-865
821
100
-337
-650
17
-292
661
-48
183
132
126
-125
-98
-557
-214
1149
-320
-648
491
-445
745
36
-654
222
-433
-174
-518
1055
-235
-650
583
1106
61
1223
-271
-658
8
-800
445
-533
1134
386
-1125
1838
-118
-201
2411
765
312
-316
944
442
-618
-322
335
-21
657
-989
-793
11
-51
31
-48
22
-105
64
-342
209
-245
839
-942
1858
-2620
-1974
2555
1389
1516
857
-362
374
-522
-128
-1078
639
622
308
758
269
660
1783
1282
1010
748
2873
839
380
-314
-737
-6360
-7616
-7288
-5625
1511
11
-272
-118
569
169
-433
-63
-1123
189
537
116
114
-914
-388
743
149
-509
-245
622
-360
-71
311
429
-144
-267
-127
-1605
-128
-332
403
438
-797
1400
-583
94
-254
-216
-403
1501
-444
-780
-5
-41
-3
-20
197
-77
208
-682
240
-357
70
-378
4125
-3219
358
1335
1531
1569
1163
-374
192
-409
-589
266
134
643
337
885
956
846
1057
1393
1708
1448
1926
535
295
120
-1921
485
-708
1530
-922
1910
137
-674
660
60
-230
831
-74
-542
-602
1651
329
-392
-73
-278
823
-4
-52
-205
-360
453
-230
295
400
97
-121
82
-428
-1909
3911
-231
608
44
295
34
-401
-915
1060
-342
0
1090
-92
-217
-2410
679
-1390
1846
-1611
-141
-278
188
-243
525
270
-288
-217
15
283
-161
-54
-433
2137
3109
-423
-312
378
-147
289
-545
-1745
-646
163
-605
-397
710
-222
-1014
-80
-4
864
-781
-570
307
86
276
87
-392
152
-220
-186
-124
-3
-518
278
281
-308
-355
476
-413
-437
953
-371
-1443
-2210
-300
-263
-67
1623
156
-460
226
-284
227
-144
-292
-285
-135
-111
498
-1043
629
4
225
-838
1081
-648
226
617
-444
192
-222
495
-671
-2093
195
264
-513
43
-538
-1266
-1403
353
-858
897
-679
-402
881
-591
655
-18
-484
147
-498
643
45
-699
1020
895
296
904
-655
453
-80
-700
1465
-407
-284
320
-1069
544
-777
101
-278
-342
1926
-208
-689
2347
-1276
2556
-219
-1280
561
-2148
2588
-2121
-348
-692
653
-720
-322
-594
970
-130
146
-414
-733
871
60
-352
363
-659
2528
173
-294
633
626
-25
449
-432
-38
403
-430
496
-242
199
45
-707
868
-457
-82
514
-751
2277
-15
-405
319
1407
-503
138
-279
620
-127
112
83
-324
1225
-256
-203
1992
-861
-1276
1570
4
381
-978
893
-255
-1977
-703
-608
-713
2251
-246
-605
429
-207
437
-839
274
1241
-273
-22
419
-651
728
-274
530
-343
-205
861
-557
-304
1020
-646
493
-57
-587
-31
-791
1222
-370
1050
1805
-197
-602
731
-357
2815
550
-548
419
-498
-110
858
-740
528
77
-344
2441
-32
-109
1089
588
-584
1394
321
-1223
2348
-203
-595
589
-580
-1551
13
-57
34
-42
25
-114
133
-459
217
-229
764
-733
1583
-2474
-2061
2316
1136
695
759
192
612
-329
-83
311
-1028
-296
1408
238
364
874
375
614
919
1123
154
2382
-4
3045
205
873
29
-1335
507
-708
1534
-661
1153
368
-498
691
744
-247
347
-59
181
-1014
941
1239
187
-397
-475
144
44
716
-454
377
-216
589
-129
-100
560
-160
901
-539
514
-1893
2432
-309
31
-301
664
-103
149
-922
-98
-307
-910
368
119
447
-104
-1967
668
-1363
1787
-1788
628
-185
-325
567
147
-549
226
-192
418
-565
89
-298
275
2174
480
3157
197
-846
86
-670
-1373
-1976
98
213
58
-576
126
408
-960
-167
-222
-81
-6
-290
-313
304
-70
-328
-166
35
-578
190
-113
489
-699
336
248
-377
-308
-192
-290
182
-279
-1043
-2427
262
-1
-481
1116
849
303
-710
510
-541
240
186
-391
-460
-424
150
231
359
-709
282
-23
313
64
-273
558
-140
-122
-129
359
-228
-418
1753
-1984
1371
-332
382
-365
566
-751
-117
-124
-895
689
-144
596
-55
-423
-4
-75
2362
-252
-377
162
141
401
800
-116
670
400
-133
38
-501
1202
-166
705
-426
-710
596
-445
-30
-670
1339
-244
-407
-539
548
-811
-572
-347
-2322
-1777
-2645
2189
-181
-234
-47
113
-614
674
478
-366
-504
2038
-290
-627
573
-580
287
-769
501
-84
-35
175
-538
797
-269
-214
142
-475
2344
-239
-592
322
-106
657
-334
-168
619
401
-202
625
-212
443
192
-564
1704
-260
-572
1713
-414
1688
-46
-98
241
-540
794
1358
1
-87
87
-381
-204
1652
-68
-252
619
548
-1241
-4596
-2115
-44
-12
-865
821
100
-337
-650
17
-292
661
-48
183
132
126
-125
-98
-557
-214
1149
-320
-648
491
-445
745
36
-654
222
-433
-174
-518
1055
-235
-650
583
1106
61
1223
-271
-658
8
-800
445
-533
1134
386
-1125
1838
-118
-201
2411
765
312
-316
944
442
-618
-322
335
-21
657
-989
-793
-5
-41
-3
-20
197
-77
208
-682
240
-357
70
-378
4125
-3219
358
1335
1531
1569
1163
-374
192
-409
-589
266
134
643
337
885
956
846
1057
1393
1708
1448
1926
535
295
120
-1921
485
-708
1530
-922
1910
137
-674
660
60
-230
831
-74
-542
-602
1651
329
-392
-73
-278
823
-4
-52
-205
-360
453
-230
295
400
97
-121
82
-428
-1909
3911
-231
608
44
295
34
-401
-915
1060
-342
0
1090
-92
-217
-2410
679
-1390
1846
-1611
-141
-278
188
-243
525
270
-288
-217
15
283
-161
-54
-433
2137
3109
-423
-312
378
-147
289
-545
-1745
-646
163
-605
-397
710
-222
-1014
-80
-4
864
-781
-570
307
86
276
87
-392
152
-220
-186
-124
-3
-518
278
281
-308
-355
476
-413
-437
953
-371
-1443
-2210
-300
-263
-67
1623
156
-460
226
-284
227
-144
-292
-285
-135
-111
498
-1043
629
4
225
-838
1081
-648
226
617
-444
192
-222
495
-671
-2093
195
264
-513
43
-538
-1266
-1403
353
-858
897
-679
-402
881
-591
655
-18
-484
147
-498
643
45
-699
1020
895
296
904
-655
453
-80
-700
1465
-407
-284
320
-1069
544
-777
101
-278
-342
1926
-208
-689
2347
-1276
2556
-219
-1280
561
-2148
2588
-2121
-348
-692
653
-720
-322
-594
970
-130
146
-414
-733
871
60
-352
363
-659
2528
173
-294
633
626
-25
449
-432
-38
403
-430
496
-242
199
45
-707
868
-457
-82
514
-751
2277
-15
-405
319
1407
-503
138
-279
620
-127
112
83
-324
1225
-256
-203
1992
-861
-1276
1570
4
381
-978
893
-255
-1977
-703
-608
-713
2251
-246
-605
429
-207
437
-839
274
1241
-273
-22
419
-651
728
-274
530
-343
-205
861
-557
-304
1020
-646
493
-57
-587
-31
-791
1222
-370
1050
1805
-197
-602
731
-357
2815
550
-548
419
-498
-110
858
-740
528
77
-344
2441
-32
-109
1089
588
-584
1394
321
-1223
2348
-203
-595
589
-580
-1551
13
-57
34
-42
25
-114
133
-459
217
-229
764
-733
1583
-2474
-2061
2316
1136
695
759
192
612
-329
-83
311
-1028
-296
1408
238
364
874
375
614
919
1123
154
2382
-4
3045
205
873
29
-1335
507
-708
1534
-661
1153
368
-498
691
744
-247
347
-59
181
-1014
941
1239
187
-397
-475
144
44
716
-454
377
-216
589
-129
-100
560
-160
901
-539
514
-1893
2432
-309
31
-301
664
-103
149
-922
-98
-307
-910
368
119
447
-104
-1967
668
-1363
1787
-1788
628
-185
-325
567
147
-549
226
-192
418
-565
89
-298
275
2174
480
3157
197
-846
86
-670
-1373
-1976
98
213
58
-576
126
408
-960
-167
-222
-81
-6
-290
-313
304
-70
-328
-166
35
-578
190
-113
489
-699
336
248
-377
-308
-192
-290
182
-279
-1043
-2427
262
-1
-481
1116
849
303
-710
510
-541
240
186
-391
-460
-424
150
231
359
-709
282
-23
313
64
-273
558
-140
-122
-129
359
-228
-418
1753
-1984
1371
-332
382
-365
566
-751
-117
-124
-895
689
-144
596
-55
-423
-4
-75
2362
-252
-377
162
141
401
800
-116
670
400
-133
38
-501
1202
-166
705
-426
-710
596
-445
-30
-670
1339
-244
-407
-539
548
-811
-572
-347
-2322
-1777
-2645
2189
-181
-234
-47
113
-614
674
478
-366
-504
2038
-290
-627
573
-580
287
-769
501
-84
-35
175
-538
797
-269
-214
142
-475
2344
-239
-592
322
-106
657
-334
-168
619
401
-202
625
-212
443
192
-564
1704
-260
-572
1713
-414
1688
-46
-98
241
-540
794
1358
1
-87
87
-381
-204
1652
-68
-252
619
548
-1241
-4596
-2115
-44
-12
-865
821
100
-337
-650
17
-292
661
-48
183
132
126
-125
-98
-557
-214
1149
-320
-648
491
-445
745
36
-654
222
-433
-174
-518
1055
-235
-650
583
1106
61
1223
-271
-658
8
-800
445
-533
1134
386
-1125
1838
-118
-201
2411
765
312
-316
944
442
-618
-322
335
-21
657
-989
-793
11
-51
31
-48
22
-105
64
-342
-5
-41
-3
-20
197
-77
208
-682
240
-357
70
-378
4125
-3219
358
1335
1531
1569
1163
-374
192
-409
-589
266
134
643
337
885
956
846
1057
1393
1708
1448
1926
535
295
120
-1921
485
-708
1530
-922
1910
137
-674
660
60
-230
831
-74
-542
-602
1651
329
-392
-73
-278
823
-4
-52
-205
-360
453
-230
295
400
97
-121
82
-428
-1909
3911
-231
608
44
295
34
-401
-915
1060
-342
0
1090
-92
-217
-2410
679
-1390
1846
-1611
-141
-278
188
-243
525
270
-288
-217
15
283
-161
-54
-433
2137
3109
-423
-312
378
-147
289
-545
-1745
-646
163
-605
-397
710
-222
-1014
-80
-4
864
-781
-570
307
86
276
87
-392
152
-220
-186
-124
-3
-518
278
281
-308
-355
476
-413
-437
953
-371
-1443
-2210
-300
-263
-67
1623
156
-460
226
-284
227
-144
-292
-285
-135
-111
498
-1043
629
4
225
-838
1081
-648
226
617
-444
192
-222
495
-671
-2093
195
264
-513
43
-538
-1266
-1403
353
-858
897
-679
-402
881
-591
655
-18
-484
147
-498
643
45
-699
1020
895
296
904
-655
453
-80
-700
1465
-407
-284
320
-1069
544
-777
101
-278
-342
1926
-208
-689
2347
-1276
2556
-219
-1280
561
-2148
2588
-2121
-348
-692
653
-720
-322
-594
970
-130
146
-414
-733
871
60
-352
363
-659
2528
173
-294
633
626
-25
449
-432
-38
403
-430
496
-242
199
45
-707
868
-457
-82
514
-751
2277
-15
-405
319
1407
-503
138
-279
620
-127
112
83
-324
1225
-256
-203
1992
-861
-1276
1570
4
381
-978
893
-255
-1977
-703
-608
-713
2251
-246
-605
429
-207
437
-839
274
1241
-273
-22
419
-651
728
-274
530
-343
-205
861
-557
-304
1020
-646
493
-57
-587
-31
-791
1222
-370
1050
1805
-197
-602
731
-357
2815
550
-548
419
-498
-110
858
-740
528
77
-344
2441
-32
-109
1089
588
-584
1394
321
-1223
2348
-203
-595
589
-580
-1551
13
-57
34
-42
25
-114
133
-459
217
-229
764
-733
1583
-2474
-2061
2316
1136
695
759
192
612
-329
-83
311
-1028
-296
1408
238
364
874
375
614
919
1123
154
2382
-4
3045
205
873
29
-1335
507
-708
1534
-661
1153
368
-498
691
744
-247
347
-59
181
-1014
941
1239
187
-397
-475
144
44
716
-454
377
-216
589
-129
-100
560
-160
901
-539
514
-1893
2432
-309
31
-301
664
-103
149
-922
-98
-307
-910
368
119
447
-104
-1967
668
-1363
1787
-1788
628
-185
-325
567
147
-549
226
-192
418
-565
89
-298
275
2174
480
3157
197
-846
86
-670
-1373
-1976
98
213
58
-576
126
408
-960
-167
-222
-81
-6
-290
-313
304
-70
-328
-166
35
-578
190
-113
489
-699
336
248
-377
-308
-192
-290
182
-279
-1043
-2427
262
-1
-481
1116
849
303
-710
510
-541
240
186
-391
-460
-424
150
231
359
-709
282
-23
313
64
-273
558
-140
-122
-129
359
-228
-418
1753
-1984
1371
-332
382
-365
566
-751
-117
-124
-895
689
-144
596
-55
-423
-4
-75
2362
-252
-377
162
141
401
800
-116
670
400
-133
38
-501
1202
-166
705
-426
-710
596
-445
-30
-670
1339
-244
-407
-539
548
-811
-572
-347
-2322
-1777
-2645
2189
-181
-234
-47
113
-614
674
478
-366
-504
2038
-290
-627
573
-580
287
-769
501
-84
-35
175
-538
797
-269
-214
142
-475
2344
-239
-592
322
-106
657
-334
-168
619
401
-202
625
-212
443
192
-564
1704
-260
-572
1713
-414
1688
-46
-98
241
-540
794
1358
1
-87
87
-381
-204
1652
-68
-252
619
548
-1241
-4596
-2115
-44
-12
-865
821
100
-337
-650
17
-292
661
-48
183
132
126
-125
-98
-557
-214
1149
-320
-648
491
-445
745
36
-654
222
-433
-174
-518
1055
-235
-650
583
1106
61
1223
-271
-658
8
-800
445
-533
1134
386
-1125
1838
-118
-201
2411
765
312
-316
944
442
-618
-322
335
-21
657
-989
-793
-5
-41
-3
-20
197
-77
208
-682
240
-357
70
-378
4125
-3219
358
1335
1531
1569
1163
-374
192
-409
-589
266
134
643
337
885
956
846
1057
1393
1708
1448
1926
535
295
120
-1921
485
-708
1530
-922
1910
137
-674
660
60
-230
831
-74
-542
-602
1651
329
-392
-73
-278
823
-4
-52
-205
-360
453
-230
295
400
97
-121
82
-428
-1909
3911
-231
608
44
295
34
-401
-915
1060
-342
0
1090
-92
-217
-2410
679
-1390
1846
-1611
-141
-278
188
-243
525
270
-288
-217
15
283
-161
-54
-433
2137
3109
-423
-312
378
-147
289
-545
-1745
-646
163
-605
-397
710
-222
-1014
-80
-4
864
-781
-570
307
86
276
87
-392
152
-220
-186
-124
-3
-518
278
281
-308
-355
476
-413
-437
953
-371
-1443
-2210
-300
-263
-67
1623
156
-460
226
-284
227
-144
-292
-285
-135
-111
498
-1043
629
4
225
-838
1081
-648
226
617
-444
192
-222
495
-671
-2093
195
264
-513
43
-538
-1266
-1403
353
-858
897
-679
-402
881
-591
655
-18
-484
147
-498
643
45
-699
1020
895
296
904
-655
453
-80
-700
1465
-407
-284
320
-1069
544
-777
101
-278
-342
1926
-208
-689
2347
-1276
2556
-219
-1280
561
-2148
2588
-2121
-348
-692
653
-720
-322
-594
970
-130
146
-414
-733
871
60
-352
363
-659
2528
173
-294
633
626
-25
449
-432
-38
403
-430
496
-242
199
45
-707
868
-457
-82
514
-751
2277
-15
-405
319
1407
-503
138
-279
620
-127
112
83
-324
1225
-256
-203
1992
-861
-1276
1570
4
381
-978
893
-255
-1977
-703
-608
-713
2251
-246
-605
429
-207
437
-839
274
1241
-273
-22
419
-651
728
-274
530
-343
-205
861
-557
-304
1020
-646
493
-57
-587
-31
-791
1222
-370
1050
1805
-197
-602
731
-357
2815
550
-548
419
-498
-110
858
-740
528
77
-344
2441
-32
-109
1089
588
-584
1394
321
-1223
2348
-203
-595
589
-580
-1551
13
-57
34
-42
25
-114
133
-459
217
-229
764
-733
1583
-2474
-2061
2316
1136
695
759
192
612
-329
-83
311
-1028
-296
1408
238
364
874
375
614
919
1123
154
2382
-4
3045
205
873
29
-1335
507
-708
1534
-661
1153
368
-498
691
744
-247
347
-59
181
-1014
941
1239
187
-397
-475
144
44
716
-454
377
-216
589
-129
-100
560
-160
901
-539
514
-1893
2432
-309
31
-301
664
-103
149
-922
-98
-307
-910
368
119
447
-104
-1967
668
-1363
1787
-1788
628
-185
-325
567
147
-549
226
-192
418
-565
89
-298
275
2174
480
3157
197
-846
86
-670
-1373
-1976
98
213
58
-576
126
408
-960
-167
-222
-81
-6
-290
-313
304
-70
-328
-166
35
-578
190
-113
489
-699
336
248
-377
-308
-192
-290
182
-279
-1043
-2427
262
-1
-481
1116
849
303
-710
510
-541
240
186
-391
-460
-424
150
231
359
-709
282
-23
313
64
-273
558
-140
-122
-129
359
-228
-418
1753
-1984
1371
-332
382
-365
566
-751
-117
-124
-895
689
-144
596
-55
-423
-4
-75
2362
-252
-377
162
141
401
800
-116
670
400
-133
38
-501
1202
-166
705
-426
-710
596
-445
-30
-670
1339
-244
-407
-539
548
-811
-572
-347
-2322
-1777
-2645
2189
-181
-234
-47
113
-614
674
478
-366
-504
2038
-290
-627
573
-580
287
-769
501
-84
-35
175
-538
797
-269
-214
142
-475
2344
-239
-592
322
-106
657
-334
-168
619
401
-202
625
-212
443
192
-564
1704
-260
-572
1713
-414
1688
-46
-98
241
-540
794
1358
1
-87
87
-381
-204
1652
-68
-252
619
548
-1241
-4596
-2115
-44
-12
-865
821
100
-337
-650
17
-292
661
-48
183
132
126
-125
-98
-557
-214
1149
-320
-648
491
-445
745
36
-654
222
-433
-174
-518
1055
-235
-650
583
1106
61
1223
-271
-658
8
-800
445
-533
1134
386
-1125
1838
-118
-201
2411
765
312
-316
944
442
-618
-322
335
-21
657
-989
-793
11
-51
31
-48
22
-105
64
-342
209
-245
839
-942
1858
-2620
-1974
2555
1389
1516
857
-362
374
-522
-128
-1078
639
622
308
758
269
660
1783
1282
1010
748
2873
839
380
-314
-737
-5
-41
-3
-20
197
-77
208
-682
240
-357
70
-378
4125
-3219
358
1335
1531
1569
1163
-374
192
-409
-589
266
134
643
337
885
956
846
1057
1393
1708
1448
1926
535
295
120
-1921
485
-708
1530
-922
1910
137
-674
660
60
-230
831
-74
-542
-602
1651
329
-392
-73
-278
823
-4
-52
-205
-360
453
-230
295
400
97
-121
82
-428
-1909
3911
-231
608
44
295
34
-401
-915
1060
-342
0
1090
-92
-217
-2410
679
-1390
1846
-1611
-141
-278
188
-243
525
270
-288
-217
15
283
-161
-54
-433
2137
3109
-423
-312
378
-147
289
-545
-1745
-646
163
-605
-397
710
-222
-1014
-80
-4
864
-781
-570
307
86
276
87
-392
152
-220
-186
-124
-3
-518
278
281
-308
-355
476
-413
-437
953
-371
-1443
-2210
-300
-263
-67
1623
156
-460
226
-284
227
-144
-292
-285
-135
-111
498
-1043
629
4
225
-838
1081
-648
226
617
-444
192
-222
495
-671
-2093
195
264
-513
43
-538
-1266
-1403
353
-858
897
-679
-402
881
-591
655
-18
-484
147
-498
643
45
-699
1020
895
296
904
-655
453
-80
-700
1465
-407
-284
320
-1069
544
-777
101
-278
-342
1926
-208
-689
2347
-1276
2556
-219
-1280
561
-2148
2588
-2121
-348
-692
653
-720
-322
-594
970
-130
146
-414
-733
871
60
-352
363
-659
2528
173
-294
633
626
-25
449
-432
-38
403
-430
496
-242
199
45
-707
868
-457
-82
514
-751
2277
-15
-405
319
1407
-503
138
-279
620
-127
112
83
-324
1225
-256
-203
1992
-861
-1276
1570
4
381
-978
893
