-141
157
-94
1526
-42
955
379
-157
458
115
-214
536
1072
-567
1317
1081
81
542
928
542
133
1104
-495
1457
515
633
-526
1369
669
485
723
248
-758
-1234
473
1320
224
-465
22
749
282
296
-38
754
415
-263
508
1110
-283
205
1018
1129
43
1316
-463
370
1487
904
-232
1255
899
868
1136
1202
1774
-153
759
-306
1658
-160
279
309
168
1268
-389
1541
834
662
71
-761
-659
166
-294
524
1103
1035
-145
1454
619
1474
-139
267
896
876
1117
858
1101
0
1495
243
1325
97
411
-33
459
558
-434
1242
343
492
-101
-94
1061
1594
-165
748
584
442
418
2250
286
-316
460
691
609
-211
-141
157
-94
1526
-42
955
379
-157
458
115
-214
536
1072
-567
1317
1081
81
542
928
542
133
1104
-495
1457
515
633
-526
1369
669
485
723
248
-758
-1234
473
1320
224
-465
22
749
282
296
-38
754
415
-263
508
1110
-283
205
1018
1129
43
1316
-463
370
1487
904
-232
1255
899
868
1136
1202
1774
-153
759
-306
1658
-160
279
309
168
1268
-389
1541
834
662
71
-761
-659
166
-294
524
1103
1035
-145
1454
619
1474
-139
267
896
876
1117
858
1101
0
1495
243
1325
97
411
-33
459
558
-434
1242
343
492
-101
-94
1061
1594
-165
748
584
442
418
2250
286
-316
460
691
609
-211
